<?xml version="1.0" encoding="UTF-8"?>
<testsuite xmlns:xsi="http://www.w3.org/2001/XMLSchema-instance" xsi:schemaLocation="https://maven.apache.org/surefire/maven-surefire-plugin/xsd/surefire-test-report.xsd" name="TestSuite" time="117.09" tests="2" errors="0" skipped="0" failures="1">
  <properties>
[...]
</properties>
  <testcase name="verifyBookingRestTest" classname="com.encore.web.tests.EncoreWebTests" time="62.211"/>
  <testcase name="verifyBookingTest" classname="com.encore.web.tests.EncoreWebTests" time="40.091">
    <failure message="no such element: Unable to locate element: {&quot;method&quot;:&quot;xpath&quot;,&quot;selector&quot;:&quot;//div[@class=&apos;seat-summary__price o-seat-summary__price--per-ticket&apos;]/span&quot;}&#10;  (Session info: chrome=93.0.4577.82)&#10;For documentation on this error, please visit: https://www.seleniumhq.org/exceptions/no_such_element.html&#10;Build info: version: &apos;3.141.59&apos;, revision: &apos;e82be7d358&apos;, time: &apos;2018-11-14T08:17:03&apos;&#10;System info: host: &apos;C02X6HZXJG5J&apos;, ip: &apos;fe80:0:0:0:1870:b65f:e892:dfba%en0&apos;, os.name: &apos;Mac OS X&apos;, os.arch: &apos;x86_64&apos;, os.version: &apos;10.15.7&apos;, java.version: &apos;15.0.2&apos;&#10;Driver info: org.openqa.selenium.chrome.ChromeDriver&#10;Capabilities {acceptInsecureCerts: false, browserName: chrome, browserVersion: 93.0.4577.82, chrome: {chromedriverVersion: 93.0.4577.63 (ff5c0da2ec0ad..., userDataDir: /var/folders/l5/vx855n854h3...}, goog:chromeOptions: {debuggerAddress: localhost:51316}, javascriptEnabled: true, networkConnectionEnabled: false, pageLoadStrategy: normal, platform: MAC, platformName: MAC, proxy: Proxy(), setWindowRect: true, strictFileInteractability: false, timeouts: {implicit: 0, pageLoad: 300000, script: 30000}, unhandledPromptBehavior: dismiss and notify, webauthn:extension:credBlob: true, webauthn:extension:largeBlob: true, webauthn:virtualAuthenticators: true}&#10;Session ID: aa2df9b1a580e8a1d8c32819fc62d46b&#10;*** Element info: {Using=xpath, value=//div[@class=&apos;seat-summary__price o-seat-summary__price--per-ticket&apos;]/span}" type="org.openqa.selenium.NoSuchElementException">org.openqa.selenium.NoSuchElementException: 
no such element: Unable to locate element: {"method":"xpath","selector":"//div[@class='seat-summary__price o-seat-summary__price--per-ticket']/span"}
  (Session info: chrome=93.0.4577.82)
For documentation on this error, please visit: https://www.seleniumhq.org/exceptions/no_such_element.html
Build info: version: '3.141.59', revision: 'e82be7d358', time: '2018-11-14T08:17:03'
System info: host: 'C02X6HZXJG5J', ip: 'fe80:0:0:0:1870:b65f:e892:dfba%en0', os.name: 'Mac OS X', os.arch: 'x86_64', os.version: '10.15.7', java.version: '15.0.2'
Driver info: org.openqa.selenium.chrome.ChromeDriver
Capabilities {acceptInsecureCerts: false, browserName: chrome, browserVersion: 93.0.4577.82, chrome: {chromedriverVersion: 93.0.4577.63 (ff5c0da2ec0ad..., userDataDir: /var/folders/l5/vx855n854h3...}, goog:chromeOptions: {debuggerAddress: localhost:51316}, javascriptEnabled: true, networkConnectionEnabled: false, pageLoadStrategy: normal, platform: MAC, platformName: MAC, proxy: Proxy(), setWindowRect: true, strictFileInteractability: false, timeouts: {implicit: 0, pageLoad: 300000, script: 30000}, unhandledPromptBehavior: dismiss and notify, webauthn:extension:credBlob: true, webauthn:extension:largeBlob: true, webauthn:virtualAuthenticators: true}
Session ID: aa2df9b1a580e8a1d8c32819fc62d46b
*** Element info: {Using=xpath, value=//div[@class='seat-summary__price o-seat-summary__price--per-ticket']/span}
	at com.encore.web.tests.EncoreWebTests.verifyBookingTest(EncoreWebTests.java:66)
</failure>
    <system-out><![CDATA[[verifyBookingRestTest INFO ] 2021-09-20 23:11:41.428 (BaseTest.java:60) - afterMethodTestBase() called
[verifyBookingRestTest INFO ] 2021-09-20 23:11:41.867 (BaseTest.java:67) - Test log for verifyBookingRestTest is available at target/logs/verifyBookingRestTest/app-execution-2021-09-20-23-10-34-180.log
[verifyBookingTest INFO ] 2021-09-20 23:11:41.869 (AppDriver.java:54) - Test log for verifyBookingTest is available at target/logs/verifyBookingTest/app-execution-2021-09-20-23-11-41-869.log
[verifyBookingTest INFO ] 2021-09-20 23:11:41.870 (BaseTest.java:42) - beforeMethodTestBase() called
Thread 19	
Thread 19	Request:
Thread 19	Url:	https://inventory-service.tixuk.io/api/v4/availability/products/6362/quantity/2/from/20211101/to/20211201
Thread 19	Method:	GET
Thread 19	Header	Accept:application/json
Thread 19	Header	Accept-Language:en_US
Thread 19	Header	affiliateId:encoretickets
Thread 19	Header	Content-Type:application/json
Thread 19	Body:	null
Thread 19	
Thread 19	Response:
Thread 19	Code:	200
Thread 19	Header	X-Cache:MISS, HIT
Thread 19	Header	x-origurl:/api/v4/availability/products/6362/quantity/2/from/20211101/to/20211201?affiliateId=encoretickets
Thread 19	Header	Server:nginx
Thread 19	Header	Access-Control-Allow-Origin:*
Thread 19	Header	X-Correlation-ID:2dd16887-8991-4432-ae23-d4539255540f
Thread 19	Header	Connection:keep-alive
Thread 19	Header	Date:Mon, 20 Sep 2021 22:11:41 GMT
Thread 19	Header	X-Timer:S1632175902.856616,VS0,VE1
Thread 19	Header	Via:1.1 varnish, 1.1 varnish
Thread 19	Header	Allow:GET
Thread 19	Header	Accept-Ranges:bytes
Thread 19	Header	X-Client-Request-DateTime:2021-09-20T22:00:51+0000
Thread 19	Header	Cache-Control:max-age=14400, public, s-maxage=14400
Thread 19	Header	X-Served-By:cache-lcy19234-LCY, cache-lhr7343-LHR
Thread 19	Header	Vary:Accept-Encoding
Thread 19	Header	X-Cache-Tags:summary-availability_v4 summary-availability_v4_encoretickets summary-availability_v4_6362
Thread 19	Header	X-Client-Request-DateTime-Generated:1
Thread 19	Header	Content-Length:6403
Thread 19	Header	X-Cache-Hits:0, 1
Thread 19	Header	x-refUrl:/api/v4/availability/products/6362/quantity/2/from/20211101/to/20211201?affiliateId=encoretickets
Thread 19	Header	Age:650
Thread 19	Header	X-Powered-By:PHP/7.4.23
Thread 19	Header	Content-Type:application/json
Thread 19	Body:	{"request":{"body":"","query":{"affiliateId":"encoretickets"},"urlParams":{"productId":"6362","quantity":"2","fromDate":"20211101","toDate":"20211201"}},"response":[{"datetime":"2021-11-01T19:00:00+0000","partTwoDatetime":null,"largestLumpOfTickets":9,"availableSeatCount":851,"minPrice":2400,"maxPrice":null,"noBookingFee":false,"discount":false},{"datetime":"2021-11-03T19:30:00+0000","partTwoDatetime":null,"largestLumpOfTickets":9,"availableSeatCount":703,"minPrice":2400,"maxPrice":null,"noBookingFee":false,"discount":false},{"datetime":"2021-11-04T14:30:00+0000","partTwoDatetime":null,"largestLumpOfTickets":9,"availableSeatCount":569,"minPrice":3000,"maxPrice":null,"noBookingFee":false,"discount":false},{"datetime":"2021-11-04T19:30:00+0000","partTwoDatetime":null,"largestLumpOfTickets":9,"availableSeatCount":743,"minPrice":3000,"maxPrice":null,"noBookingFee":false,"discount":false},{"datetime":"2021-11-05T19:30:00+0000","partTwoDatetime":null,"largestLumpOfTickets":9,"availableSeatCount":894,"minPrice":3600,"maxPrice":null,"noBookingFee":false,"discount":false},{"datetime":"2021-11-06T14:30:00+0000","partTwoDatetime":null,"largestLumpOfTickets":9,"availableSeatCount":571,"minPrice":5400,"maxPrice":null,"noBookingFee":false,"discount":false},{"datetime":"2021-11-06T19:30:00+0000","partTwoDatetime":null,"largestLumpOfTickets":9,"availableSeatCount":716,"minPrice":3600,"maxPrice":null,"noBookingFee":false,"discount":false},{"datetime":"2021-11-07T15:00:00+0000","partTwoDatetime":null,"largestLumpOfTickets":9,"availableSeatCount":785,"minPrice":3600,"maxPrice":null,"noBookingFee":false,"discount":false},{"datetime":"2021-11-08T19:00:00+0000","partTwoDatetime":null,"largestLumpOfTickets":9,"availableSeatCount":934,"minPrice":2400,"maxPrice":null,"noBookingFee":false,"discount":false},{"datetime":"2021-11-10T19:30:00+0000","partTwoDatetime":null,"largestLumpOfTickets":9,"availableSeatCount":769,"minPrice":2400,"maxPrice":null,"noBookingFee":false,"discount":false},{"datetime":"2021-11-11T14:30:00+0000","partTwoDatetime":null,"largestLumpOfTickets":9,"availableSeatCount":681,"minPrice":3000,"maxPrice":null,"noBookingFee":false,"discount":false},{"datetime":"2021-11-11T19:30:00+0000","partTwoDatetime":null,"largestLumpOfTickets":9,"availableSeatCount":780,"minPrice":3000,"maxPrice":null,"noBookingFee":false,"discount":false},{"datetime":"2021-11-12T19:30:00+0000","partTwoDatetime":null,"largestLumpOfTickets":9,"availableSeatCount":840,"minPrice":5400,"maxPrice":null,"noBookingFee":false,"discount":false},{"datetime":"2021-11-13T14:30:00+0000","partTwoDatetime":null,"largestLumpOfTickets":9,"availableSeatCount":532,"minPrice":3600,"maxPrice":null,"noBookingFee":false,"discount":false},{"datetime":"2021-11-13T19:30:00+0000","partTwoDatetime":null,"largestLumpOfTickets":9,"availableSeatCount":722,"minPrice":3600,"maxPrice":null,"noBookingFee":false,"discount":false},{"datetime":"2021-11-14T15:00:00+0000","partTwoDatetime":null,"largestLumpOfTickets":9,"availableSeatCount":823,"minPrice":3600,"maxPrice":null,"noBookingFee":false,"discount":false},{"datetime":"2021-11-15T19:00:00+0000","partTwoDatetime":null,"largestLumpOfTickets":9,"availableSeatCount":899,"minPrice":2400,"maxPrice":null,"noBookingFee":false,"discount":false},{"datetime":"2021-11-17T19:30:00+0000","partTwoDatetime":null,"largestLumpOfTickets":9,"availableSeatCount":872,"minPrice":2400,"maxPrice":null,"noBookingFee":false,"discount":false},{"datetime":"2021-11-18T14:30:00+0000","partTwoDatetime":null,"largestLumpOfTickets":9,"availableSeatCount":615,"minPrice":3000,"maxPrice":null,"noBookingFee":false,"discount":false},{"datetime":"2021-11-18T19:30:00+0000","partTwoDatetime":null,"largestLumpOfTickets":9,"availableSeatCount":798,"minPrice":3000,"maxPrice":null,"noBookingFee":false,"discount":false},{"datetime":"2021-11-19T19:30:00+0000","partTwoDatetime":null,"largestLumpOfTickets":9,"availableSeatCount":887,"minPrice":5400,"maxPrice":null,"noBookingFee":false,"discount":false},{"datetime":"2021-11-20T14:30:00+0000","partTwoDatetime":null,"largestLumpOfTickets":9,"availableSeatCount":580,"minPrice":5400,"maxPrice":null,"noBookingFee":false,"discount":false},{"datetime":"2021-11-20T19:30:00+0000","partTwoDatetime":null,"largestLumpOfTickets":9,"availableSeatCount":540,"minPrice":3600,"maxPrice":null,"noBookingFee":false,"discount":false},{"datetime":"2021-11-21T15:00:00+0000","partTwoDatetime":null,"largestLumpOfTickets":9,"availableSeatCount":895,"minPrice":3600,"maxPrice":null,"noBookingFee":false,"discount":false},{"datetime":"2021-11-22T19:00:00+0000","partTwoDatetime":null,"largestLumpOfTickets":9,"availableSeatCount":909,"minPrice":2400,"maxPrice":null,"noBookingFee":false,"discount":false},{"datetime":"2021-11-24T19:30:00+0000","partTwoDatetime":null,"largestLumpOfTickets":9,"availableSeatCount":877,"minPrice":2400,"maxPrice":null,"noBookingFee":false,"discount":false},{"datetime":"2021-11-25T14:30:00+0000","partTwoDatetime":null,"largestLumpOfTickets":9,"availableSeatCount":605,"minPrice":3000,"maxPrice":null,"noBookingFee":false,"discount":false},{"datetime":"2021-11-25T19:30:00+0000","partTwoDatetime":null,"largestLumpOfTickets":9,"availableSeatCount":852,"minPrice":3000,"maxPrice":null,"noBookingFee":false,"discount":false},{"datetime":"2021-11-26T19:30:00+0000","partTwoDatetime":null,"largestLumpOfTickets":9,"availableSeatCount":818,"minPrice":3600,"maxPrice":null,"noBookingFee":false,"discount":false},{"datetime":"2021-11-27T14:30:00+0000","partTwoDatetime":null,"largestLumpOfTickets":9,"availableSeatCount":424,"minPrice":3600,"maxPrice":null,"noBookingFee":false,"discount":false},{"datetime":"2021-11-27T19:30:00+0000","partTwoDatetime":null,"largestLumpOfTickets":9,"availableSeatCount":670,"minPrice":3600,"maxPrice":null,"noBookingFee":false,"discount":false},{"datetime":"2021-11-28T15:00:00+0000","partTwoDatetime":null,"largestLumpOfTickets":9,"availableSeatCount":824,"minPrice":3600,"maxPrice":null,"noBookingFee":false,"discount":false},{"datetime":"2021-11-29T19:00:00+0000","partTwoDatetime":null,"largestLumpOfTickets":9,"availableSeatCount":906,"minPrice":2400,"maxPrice":null,"noBookingFee":false,"discount":false},{"datetime":"2021-12-01T19:30:00+0000","partTwoDatetime":null,"largestLumpOfTickets":9,"availableSeatCount":835,"minPrice":2400,"maxPrice":null,"noBookingFee":false,"discount":false}],"context":null}
Thread 19	
Thread 19	Request:
Thread 19	Url:	https://inventory-service.tixuk.io/api/v4/products/6362/areas?date=20211122&time=1900&quantity=2&includeSeatsAttributes=true
Thread 19	Method:	GET
Thread 19	Header	Accept:application/json
Thread 19	Header	Accept-Language:en_US
Thread 19	Header	affiliateId:encoretickets
Thread 19	Header	Content-Type:application/x-www-form-urlencoded
Thread 19	Body:	null
Thread 19	
Thread 19	Response:
Thread 19	Code:	200
Thread 19	Header	X-Cache:MISS, MISS
Thread 19	Header	x-origurl:/api/v4/products/6362/areas?date=20211122&time=1900&quantity=2&includeSeatsAttributes=true&affiliateId=encoretickets
Thread 19	Header	Server:nginx
Thread 19	Header	Access-Control-Allow-Origin:*
Thread 19	Header	X-Correlation-ID:9bebed80-5fd9-48f8-a714-73f82686466e
Thread 19	Header	Connection:keep-alive
Thread 19	Header	Date:Mon, 20 Sep 2021 22:11:45 GMT
Thread 19	Header	X-Timer:S1632175902.894826,VS0,VE3190
Thread 19	Header	Via:1.1 varnish, 1.1 varnish
Thread 19	Header	Allow:GET
Thread 19	Header	Accept-Ranges:bytes
Thread 19	Header	X-Client-Request-DateTime:2021-09-20T22:11:41+0000
Thread 19	Header	Cache-Control:max-age=600, public, s-maxage=600
Thread 19	Header	X-Served-By:cache-lcy19257-LCY, cache-lhr7343-LHR
Thread 19	Header	Vary:Accept-Encoding
Thread 19	Header	X-Cache-Tags:app_v4_aggregateitems_areas_v4 app_v4_aggregateitems_areas_v4_encoretickets app_v4_aggregateitems_areas_v4_6362 app_v4_aggregateitems_areas_v4_2 app_v4_aggregateitems_areas_v4_lump app_v4_aggregateitems_areas_v4_202111221900 app_v4_aggregateitems_areas_v4_6362_202111221900 app_v4_aggregateitems_areas_v4_6362_2_202111221900
Thread 19	Header	X-Client-Request-DateTime-Generated:1
Thread 19	Header	Content-Length:579327
Thread 19	Header	X-Cache-Hits:0, 0
Thread 19	Header	x-refUrl:/api/v4/products/6362/areas?affiliateId=encoretickets&date=20211122&includeSeatsAttributes=true&quantity=2&time=1900
Thread 19	Header	Age:0
Thread 19	Header	X-Powered-By:PHP/7.4.23
Thread 19	Header	Content-Type:application/json
Thread 19	Body:	{"request":{"body":"","query":{"affiliateId":"encoretickets","date":"20211122","includeSeatsAttributes":"true","quantity":"2","time":"1900"},"urlParams":{"productId":"6362"}},"response":{"displayCurrency":"GBP","availableCount":3,"areas":[{"availableCount":251,"date":"2021-11-22T19:00:00+0000","partTwoDate":null,"name":"Grand Circle","mode":"allocated","groupings":[{"groupIdentifier":"GRAND CIRCLE~H1;6","aggregateReference":null,"row":"H","mode":"allocated","seatNumberStart":1,"seatNumberEnd":6,"availableCount":6,"pricing":{"salePrice":[{"value":2400,"currency":"GBP","decimalPlaces":2}],"faceValue":[{"value":2000,"currency":"GBP","decimalPlaces":2}],"percentageDiscount":0,"includesBookingFee":true,"createdAt":"2021-09-20T22:11:43+0000","promotionLabel":null},"seats":[{"seatIdentifier":"GRAND_CIRCLE-H1","aggregateReference":"eyJ0eXAiOiJKV1QiLCJhbGciOiJIUzI1NiJ9.eyJzdGkiOjcwNzc1MiwicGFpIjoiZW5jb3JldGlja2V0cyIsInByaSI6ODYsInNpIjoiR1JBTkQgQ0lSQ0xFLUgtMSJ9.Zaper5kBxyc1fnn2fZ-0h_Jw_2GRXIS29w-wmqACgDs","row":"H","number":1,"pricing":{"salePrice":[{"value":2400,"currency":"GBP","decimalPlaces":2}],"faceValue":[{"value":2000,"currency":"GBP","decimalPlaces":2}],"percentageDiscount":0,"includesBookingFee":true,"createdAt":"2021-09-20T22:11:43+0000","promotionLabel":null},"attributes":[{"title":"EndOfRow","description":"Seat at end of row","intention":"positive"}],"isRestrictedView":false},{"seatIdentifier":"GRAND_CIRCLE-H2","aggregateReference":"eyJ0eXAiOiJKV1QiLCJhbGciOiJIUzI1NiJ9.eyJzdGkiOjcwNzc1MiwicGFpIjoiZW5jb3JldGlja2V0cyIsInByaSI6ODYsInNpIjoiR1JBTkQgQ0lSQ0xFLUgtMiJ9.ks3u80AoyTv2sLo2wWAxz0oTUa5Yqx2OXiCSeiLHvXs","row":"H","number":2,"pricing":{"salePrice":[{"value":2400,"currency":"GBP","decimalPlaces":2}],"faceValue":[{"value":2000,"currency":"GBP","decimalPlaces":2}],"percentageDiscount":0,"includesBookingFee":true,"createdAt":"2021-09-20T22:11:43+0000","promotionLabel":null},"attributes":[],"isRestrictedView":false},{"seatIdentifier":"GRAND_CIRCLE-H3","aggregateReference":"eyJ0eXAiOiJKV1QiLCJhbGciOiJIUzI1NiJ9.eyJzdGkiOjcwNzc1MiwicGFpIjoiZW5jb3JldGlja2V0cyIsInByaSI6ODYsInNpIjoiR1JBTkQgQ0lSQ0xFLUgtMyJ9.cmOD9Ip7QntbDeBDv6iSJ6VFB1ZlVrwqqNI6IjDmRsM","row":"H","number":3,"pricing":{"salePrice":[{"value":2400,"currency":"GBP","decimalPlaces":2}],"faceValue":[{"value":2000,"currency":"GBP","decimalPlaces":2}],"percentageDiscount":0,"includesBookingFee":true,"createdAt":"2021-09-20T22:11:43+0000","promotionLabel":null},"attributes":[],"isRestrictedView":false},{"seatIdentifier":"GRAND_CIRCLE-H4","aggregateReference":"eyJ0eXAiOiJKV1QiLCJhbGciOiJIUzI1NiJ9.eyJzdGkiOjcwNzc1MiwicGFpIjoiZW5jb3JldGlja2V0cyIsInByaSI6ODYsInNpIjoiR1JBTkQgQ0lSQ0xFLUgtNCJ9.Dhc6hDBQMERaFnYcizW1unpLeXxrlUG1iFUWMvcvqtc","row":"H","number":4,"pricing":{"salePrice":[{"value":2400,"currency":"GBP","decimalPlaces":2}],"faceValue":[{"value":2000,"currency":"GBP","decimalPlaces":2}],"percentageDiscount":0,"includesBookingFee":true,"createdAt":"2021-09-20T22:11:43+0000","promotionLabel":null},"attributes":[],"isRestrictedView":false},{"seatIdentifier":"GRAND_CIRCLE-H5","aggregateReference":"eyJ0eXAiOiJKV1QiLCJhbGciOiJIUzI1NiJ9.eyJzdGkiOjcwNzc1MiwicGFpIjoiZW5jb3JldGlja2V0cyIsInByaSI6ODYsInNpIjoiR1JBTkQgQ0lSQ0xFLUgtNSJ9.6h_KZOT1MxIk0h0dIaDOvaKTHCkLJj9ZGIY2PqJDZ4E","row":"H","number":5,"pricing":{"salePrice":[{"value":2400,"currency":"GBP","decimalPlaces":2}],"faceValue":[{"value":2000,"currency":"GBP","decimalPlaces":2}],"percentageDiscount":0,"includesBookingFee":true,"createdAt":"2021-09-20T22:11:43+0000","promotionLabel":null},"attributes":[],"isRestrictedView":false},{"seatIdentifier":"GRAND_CIRCLE-H6","aggregateReference":"eyJ0eXAiOiJKV1QiLCJhbGciOiJIUzI1NiJ9.eyJzdGkiOjcwNzc1MiwicGFpIjoiZW5jb3JldGlja2V0cyIsInByaSI6ODYsInNpIjoiR1JBTkQgQ0lSQ0xFLUgtNiJ9.eMJodGukwjE1oJ6I1JHhrvNBw3NczU6QOjs4GoMUxDY","row":"H","number":6,"pricing":{"salePrice":[{"value":2400,"currency":"GBP","decimalPlaces":2}],"faceValue":[{"value":2000,"currency":"GBP","decimalPlaces":2}],"percentageDiscount":0,"includesBookingFee":true,"createdAt":"2021-09-20T22:11:43+0000","promotionLabel":null},"attributes":[],"isRestrictedView":false}],"seatLumps":[{"seats":["GRAND_CIRCLE-H1","GRAND_CIRCLE-H2"]},{"seats":["GRAND_CIRCLE-H3","GRAND_CIRCLE-H4"]},{"seats":["GRAND_CIRCLE-H5","GRAND_CIRCLE-H6"]}]},{"groupIdentifier":"GRAND CIRCLE~H18;27","aggregateReference":null,"row":"H","mode":"allocated","seatNumberStart":18,"seatNumberEnd":27,"availableCount":10,"pricing":{"salePrice":[{"value":2400,"currency":"GBP","decimalPlaces":2}],"faceValue":[{"value":2000,"currency":"GBP","decimalPlaces":2}],"percentageDiscount":0,"includesBookingFee":true,"createdAt":"2021-09-20T22:11:43+0000","promotionLabel":null},"seats":[{"seatIdentifier":"GRAND_CIRCLE-H18","aggregateReference":"eyJ0eXAiOiJKV1QiLCJhbGciOiJIUzI1NiJ9.eyJzdGkiOjcwNzc1MiwicGFpIjoiZW5jb3JldGlja2V0cyIsInByaSI6ODYsInNpIjoiR1JBTkQgQ0lSQ0xFLUgtMTgifQ.fVu0wBExqq3qKUTU2UT07mYY-YGHKDJCu1Z0y69uGrM","row":"H","number":18,"pricing":{"salePrice":[{"value":2400,"currency":"GBP","decimalPlaces":2}],"faceValue":[{"value":2000,"currency":"GBP","decimalPlaces":2}],"percentageDiscount":0,"includesBookingFee":true,"createdAt":"2021-09-20T22:11:43+0000","promotionLabel":null},"attributes":[],"isRestrictedView":false},{"seatIdentifier":"GRAND_CIRCLE-H19","aggregateReference":"eyJ0eXAiOiJKV1QiLCJhbGciOiJIUzI1NiJ9.eyJzdGkiOjcwNzc1MiwicGFpIjoiZW5jb3JldGlja2V0cyIsInByaSI6ODYsInNpIjoiR1JBTkQgQ0lSQ0xFLUgtMTkifQ.SfWb_zGos-HHiLNLLwOlrA2Di9tu_t_w1SshJPXjf3Y","row":"H","number":19,"pricing":{"salePrice":[{"value":2400,"currency":"GBP","decimalPlaces":2}],"faceValue":[{"value":2000,"currency":"GBP","decimalPlaces":2}],"percentageDiscount":0,"includesBookingFee":true,"createdAt":"2021-09-20T22:11:43+0000","promotionLabel":null},"attributes":[],"isRestrictedView":false},{"seatIdentifier":"GRAND_CIRCLE-H20","aggregateReference":"eyJ0eXAiOiJKV1QiLCJhbGciOiJIUzI1NiJ9.eyJzdGkiOjcwNzc1MiwicGFpIjoiZW5jb3JldGlja2V0cyIsInByaSI6ODYsInNpIjoiR1JBTkQgQ0lSQ0xFLUgtMjAifQ.oikHcV_kB-shFeeN-LmqVPLBuhA1G21FwXoZ0I2COzc","row":"H","number":20,"pricing":{"salePrice":[{"value":2400,"currency":"GBP","decimalPlaces":2}],"faceValue":[{"value":2000,"currency":"GBP","decimalPlaces":2}],"percentageDiscount":0,"includesBookingFee":true,"createdAt":"2021-09-20T22:11:43+0000","promotionLabel":null},"attributes":[],"isRestrictedView":false},{"seatIdentifier":"GRAND_CIRCLE-H21","aggregateReference":"eyJ0eXAiOiJKV1QiLCJhbGciOiJIUzI1NiJ9.eyJzdGkiOjcwNzc1MiwicGFpIjoiZW5jb3JldGlja2V0cyIsInByaSI6ODYsInNpIjoiR1JBTkQgQ0lSQ0xFLUgtMjEifQ.MrWRKlVvRebrF_hID79anMnHtbKJUdfpsU1DxXV27YQ","row":"H","number":21,"pricing":{"salePrice":[{"value":2400,"currency":"GBP","decimalPlaces":2}],"faceValue":[{"value":2000,"currency":"GBP","decimalPlaces":2}],"percentageDiscount":0,"includesBookingFee":true,"createdAt":"2021-09-20T22:11:43+0000","promotionLabel":null},"attributes":[],"isRestrictedView":false},{"seatIdentifier":"GRAND_CIRCLE-H22","aggregateReference":"eyJ0eXAiOiJKV1QiLCJhbGciOiJIUzI1NiJ9.eyJzdGkiOjcwNzc1MiwicGFpIjoiZW5jb3JldGlja2V0cyIsInByaSI6ODYsInNpIjoiR1JBTkQgQ0lSQ0xFLUgtMjIifQ.b3dOB7mq3moS-xF4oPAXg2xfhWQBYxt-DLz1aDP2SQg","row":"H","number":22,"pricing":{"salePrice":[{"value":2400,"currency":"GBP","decimalPlaces":2}],"faceValue":[{"value":2000,"currency":"GBP","decimalPlaces":2}],"percentageDiscount":0,"includesBookingFee":true,"createdAt":"2021-09-20T22:11:43+0000","promotionLabel":null},"attributes":[],"isRestrictedView":false},{"seatIdentifier":"GRAND_CIRCLE-H23","aggregateReference":"eyJ0eXAiOiJKV1QiLCJhbGciOiJIUzI1NiJ9.eyJzdGkiOjcwNzc1MiwicGFpIjoiZW5jb3JldGlja2V0cyIsInByaSI6ODYsInNpIjoiR1JBTkQgQ0lSQ0xFLUgtMjMifQ.agP_LO1RXWhgHfEjDZJwvVs4_hf45iDROqg9WUm6K4w","row":"H","number":23,"pricing":{"salePrice":[{"value":2400,"currency":"GBP","decimalPlaces":2}],"faceValue":[{"value":2000,"currency":"GBP","decimalPlaces":2}],"percentageDiscount":0,"includesBookingFee":true,"createdAt":"2021-09-20T22:11:43+0000","promotionLabel":null},"attributes":[],"isRestrictedView":false},{"seatIdentifier":"GRAND_CIRCLE-H24","aggregateReference":"eyJ0eXAiOiJKV1QiLCJhbGciOiJIUzI1NiJ9.eyJzdGkiOjcwNzc1MiwicGFpIjoiZW5jb3JldGlja2V0cyIsInByaSI6ODYsInNpIjoiR1JBTkQgQ0lSQ0xFLUgtMjQifQ.AfcDRhbqf5h42aCLEDcW3IsYYwlCUe35HRMxiWRtpBM","row":"H","number":24,"pricing":{"salePrice":[{"value":2400,"currency":"GBP","decimalPlaces":2}],"faceValue":[{"value":2000,"currency":"GBP","decimalPlaces":2}],"percentageDiscount":0,"includesBookingFee":true,"createdAt":"2021-09-20T22:11:43+0000","promotionLabel":null},"attributes":[],"isRestrictedView":false},{"seatIdentifier":"GRAND_CIRCLE-H25","aggregateReference":"eyJ0eXAiOiJKV1QiLCJhbGciOiJIUzI1NiJ9.eyJzdGkiOjcwNzc1MiwicGFpIjoiZW5jb3JldGlja2V0cyIsInByaSI6ODYsInNpIjoiR1JBTkQgQ0lSQ0xFLUgtMjUifQ.MeIBo6ju1d0Ttjqu0SS6aU_u7aXnr1q2QDvfbY-VNjU","row":"H","number":25,"pricing":{"salePrice":[{"value":2400,"currency":"GBP","decimalPlaces":2}],"faceValue":[{"value":2000,"currency":"GBP","decimalPlaces":2}],"percentageDiscount":0,"includesBookingFee":true,"createdAt":"2021-09-20T22:11:43+0000","promotionLabel":null},"attributes":[],"isRestrictedView":false},{"seatIdentifier":"GRAND_CIRCLE-H26","aggregateReference":"eyJ0eXAiOiJKV1QiLCJhbGciOiJIUzI1NiJ9.eyJzdGkiOjcwNzc1MiwicGFpIjoiZW5jb3JldGlja2V0cyIsInByaSI6ODYsInNpIjoiR1JBTkQgQ0lSQ0xFLUgtMjYifQ.DBoo34LAiQ8voTqp-dBs6S_cAUzasCEqRUln8rxaJrg","row":"H","number":26,"pricing":{"salePrice":[{"value":2400,"currency":"GBP","decimalPlaces":2}],"faceValue":[{"value":2000,"currency":"GBP","decimalPlaces":2}],"percentageDiscount":0,"includesBookingFee":true,"createdAt":"2021-09-20T22:11:43+0000","promotionLabel":null},"attributes":[],"isRestrictedView":false},{"seatIdentifier":"GRAND_CIRCLE-H27","aggregateReference":"eyJ0eXAiOiJKV1QiLCJhbGciOiJIUzI1NiJ9.eyJzdGkiOjcwNzc1MiwicGFpIjoiZW5jb3JldGlja2V0cyIsInByaSI6ODYsInNpIjoiR1JBTkQgQ0lSQ0xFLUgtMjcifQ.C1dSVTsCAgGKjM4ydkB7gL9vF2k9sAcdsMwxoDfW5Ws","row":"H","number":27,"pricing":{"salePrice":[{"value":2400,"currency":"GBP","decimalPlaces":2}],"faceValue":[{"value":2000,"currency":"GBP","decimalPlaces":2}],"percentageDiscount":0,"includesBookingFee":true,"createdAt":"2021-09-20T22:11:43+0000","promotionLabel":null},"attributes":[{"title":"EndOfRow","description":"Seat at end of row","intention":"positive"}],"isRestrictedView":false}],"seatLumps":[{"seats":["GRAND_CIRCLE-H18","GRAND_CIRCLE-H19"]},{"seats":["GRAND_CIRCLE-H20","GRAND_CIRCLE-H21"]},{"seats":["GRAND_CIRCLE-H21","GRAND_CIRCLE-H22"]},{"seats":["GRAND_CIRCLE-H22","GRAND_CIRCLE-H23"]},{"seats":["GRAND_CIRCLE-H23","GRAND_CIRCLE-H24"]},{"seats":["GRAND_CIRCLE-H24","GRAND_CIRCLE-H25"]},{"seats":["GRAND_CIRCLE-H26","GRAND_CIRCLE-H27"]}]},{"groupIdentifier":"GRAND CIRCLE~J1;13","aggregateReference":null,"row":"J","mode":"allocated","seatNumberStart":1,"seatNumberEnd":13,"availableCount":13,"pricing":{"salePrice":[{"value":2400,"currency":"GBP","decimalPlaces":2}],"faceValue":[{"value":2000,"currency":"GBP","decimalPlaces":2}],"percentageDiscount":0,"includesBookingFee":true,"createdAt":"2021-09-20T22:11:43+0000","promotionLabel":null},"seats":[{"seatIdentifier":"GRAND_CIRCLE-J1","aggregateReference":"eyJ0eXAiOiJKV1QiLCJhbGciOiJIUzI1NiJ9.eyJzdGkiOjcwNzc1MiwicGFpIjoiZW5jb3JldGlja2V0cyIsInByaSI6ODYsInNpIjoiR1JBTkQgQ0lSQ0xFLUotMSJ9.b3ySiLzLeyFNzhK4ra2niUR2D1GXL2dOO-RuBpGQLRk","row":"J","number":1,"pricing":{"salePrice":[{"value":2400,"currency":"GBP","decimalPlaces":2}],"faceValue":[{"value":2000,"currency":"GBP","decimalPlaces":2}],"percentageDiscount":0,"includesBookingFee":true,"createdAt":"2021-09-20T22:11:43+0000","promotionLabel":null},"attributes":[{"title":"EndOfRow","description":"Seat at end of row","intention":"positive"}],"isRestrictedView":false},{"seatIdentifier":"GRAND_CIRCLE-J2","aggregateReference":"eyJ0eXAiOiJKV1QiLCJhbGciOiJIUzI1NiJ9.eyJzdGkiOjcwNzc1MiwicGFpIjoiZW5jb3JldGlja2V0cyIsInByaSI6ODYsInNpIjoiR1JBTkQgQ0lSQ0xFLUotMiJ9.xbwSOK765rjGSd153vvs-nF5quNG2CpE1YDUJQKk9zw","row":"J","number":2,"pricing":{"salePrice":[{"value":2400,"currency":"GBP","decimalPlaces":2}],"faceValue":[{"value":2000,"currency":"GBP","decimalPlaces":2}],"percentageDiscount":0,"includesBookingFee":true,"createdAt":"2021-09-20T22:11:43+0000","promotionLabel":null},"attributes":[],"isRestrictedView":false},{"seatIdentifier":"GRAND_CIRCLE-J3","aggregateReference":"eyJ0eXAiOiJKV1QiLCJhbGciOiJIUzI1NiJ9.eyJzdGkiOjcwNzc1MiwicGFpIjoiZW5jb3JldGlja2V0cyIsInByaSI6ODYsInNpIjoiR1JBTkQgQ0lSQ0xFLUotMyJ9.vXq4D3W6zuUMpf219Qd_HyafXPSbU4dquUfYQFJn3fk","row":"J","number":3,"pricing":{"salePrice":[{"value":2400,"currency":"GBP","decimalPlaces":2}],"faceValue":[{"value":2000,"currency":"GBP","decimalPlaces":2}],"percentageDiscount":0,"includesBookingFee":true,"createdAt":"2021-09-20T22:11:43+0000","promotionLabel":null},"attributes":[],"isRestrictedView":false},{"seatIdentifier":"GRAND_CIRCLE-J4","aggregateReference":"eyJ0eXAiOiJKV1QiLCJhbGciOiJIUzI1NiJ9.eyJzdGkiOjcwNzc1MiwicGFpIjoiZW5jb3JldGlja2V0cyIsInByaSI6ODYsInNpIjoiR1JBTkQgQ0lSQ0xFLUotNCJ9.Pp53wNEbHV7RR9wam7WKZXCa4-7GeBSDgwrO8EApq-o","row":"J","number":4,"pricing":{"salePrice":[{"value":2400,"currency":"GBP","decimalPlaces":2}],"faceValue":[{"value":2000,"currency":"GBP","decimalPlaces":2}],"percentageDiscount":0,"includesBookingFee":true,"createdAt":"2021-09-20T22:11:43+0000","promotionLabel":null},"attributes":[],"isRestrictedView":false},{"seatIdentifier":"GRAND_CIRCLE-J5","aggregateReference":"eyJ0eXAiOiJKV1QiLCJhbGciOiJIUzI1NiJ9.eyJzdGkiOjcwNzc1MiwicGFpIjoiZW5jb3JldGlja2V0cyIsInByaSI6ODYsInNpIjoiR1JBTkQgQ0lSQ0xFLUotNSJ9.3pbST72bW_TgQ5WcJETHD51qGSbLJqnpbRISFrqMtKY","row":"J","number":5,"pricing":{"salePrice":[{"value":2400,"currency":"GBP","decimalPlaces":2}],"faceValue":[{"value":2000,"currency":"GBP","decimalPlaces":2}],"percentageDiscount":0,"includesBookingFee":true,"createdAt":"2021-09-20T22:11:43+0000","promotionLabel":null},"attributes":[],"isRestrictedView":false},{"seatIdentifier":"GRAND_CIRCLE-J6","aggregateReference":"eyJ0eXAiOiJKV1QiLCJhbGciOiJIUzI1NiJ9.eyJzdGkiOjcwNzc1MiwicGFpIjoiZW5jb3JldGlja2V0cyIsInByaSI6ODYsInNpIjoiR1JBTkQgQ0lSQ0xFLUotNiJ9.orPj4eyOfD-hY4Cgn7QV_VyBqliXJ3owU7Pp6J2gJvk","row":"J","number":6,"pricing":{"salePrice":[{"value":2400,"currency":"GBP","decimalPlaces":2}],"faceValue":[{"value":2000,"currency":"GBP","decimalPlaces":2}],"percentageDiscount":0,"includesBookingFee":true,"createdAt":"2021-09-20T22:11:43+0000","promotionLabel":null},"attributes":[],"isRestrictedView":false},{"seatIdentifier":"GRAND_CIRCLE-J7","aggregateReference":"eyJ0eXAiOiJKV1QiLCJhbGciOiJIUzI1NiJ9.eyJzdGkiOjcwNzc1MiwicGFpIjoiZW5jb3JldGlja2V0cyIsInByaSI6ODYsInNpIjoiR1JBTkQgQ0lSQ0xFLUotNyJ9.IXSrUVxaOG_z7y1wFu7YSNi6pK_FRE27CTj7w2Bt7eA","row":"J","number":7,"pricing":{"salePrice":[{"value":2400,"currency":"GBP","decimalPlaces":2}],"faceValue":[{"value":2000,"currency":"GBP","decimalPlaces":2}],"percentageDiscount":0,"includesBookingFee":true,"createdAt":"2021-09-20T22:11:43+0000","promotionLabel":null},"attributes":[],"isRestrictedView":false},{"seatIdentifier":"GRAND_CIRCLE-J8","aggregateReference":"eyJ0eXAiOiJKV1QiLCJhbGciOiJIUzI1NiJ9.eyJzdGkiOjcwNzc1MiwicGFpIjoiZW5jb3JldGlja2V0cyIsInByaSI6ODYsInNpIjoiR1JBTkQgQ0lSQ0xFLUotOCJ9.8Iy4IXJH4846R9WjlACIAGIKdK01Y8oX6JZ-eSABsbA","row":"J","number":8,"pricing":{"salePrice":[{"value":2400,"currency":"GBP","decimalPlaces":2}],"faceValue":[{"value":2000,"currency":"GBP","decimalPlaces":2}],"percentageDiscount":0,"includesBookingFee":true,"createdAt":"2021-09-20T22:11:43+0000","promotionLabel":null},"attributes":[],"isRestrictedView":false},{"seatIdentifier":"GRAND_CIRCLE-J9","aggregateReference":"eyJ0eXAiOiJKV1QiLCJhbGciOiJIUzI1NiJ9.eyJzdGkiOjcwNzc1MiwicGFpIjoiZW5jb3JldGlja2V0cyIsInByaSI6ODYsInNpIjoiR1JBTkQgQ0lSQ0xFLUotOSJ9.FCKQturza-slSY_y_6VnGS6i9U7gqctqG9Adv6mDIqI","row":"J","number":9,"pricing":{"salePrice":[{"value":2400,"currency":"GBP","decimalPlaces":2}],"faceValue":[{"value":2000,"currency":"GBP","decimalPlaces":2}],"percentageDiscount":0,"includesBookingFee":true,"createdAt":"2021-09-20T22:11:43+0000","promotionLabel":null},"attributes":[],"isRestrictedView":false},{"seatIdentifier":"GRAND_CIRCLE-J10","aggregateReference":"eyJ0eXAiOiJKV1QiLCJhbGciOiJIUzI1NiJ9.eyJzdGkiOjcwNzc1MiwicGFpIjoiZW5jb3JldGlja2V0cyIsInByaSI6ODYsInNpIjoiR1JBTkQgQ0lSQ0xFLUotMTAifQ.HJ3aQPjGf18HbP1ozMwJGcij4X8Y519tgB7NP15YAT4","row":"J","number":10,"pricing":{"salePrice":[{"value":2400,"currency":"GBP","decimalPlaces":2}],"faceValue":[{"value":2000,"currency":"GBP","decimalPlaces":2}],"percentageDiscount":0,"includesBookingFee":true,"createdAt":"2021-09-20T22:11:43+0000","promotionLabel":null},"attributes":[],"isRestrictedView":false},{"seatIdentifier":"GRAND_CIRCLE-J11","aggregateReference":"eyJ0eXAiOiJKV1QiLCJhbGciOiJIUzI1NiJ9.eyJzdGkiOjcwNzc1MiwicGFpIjoiZW5jb3JldGlja2V0cyIsInByaSI6ODYsInNpIjoiR1JBTkQgQ0lSQ0xFLUotMTEifQ.lDDKklxPooqLYTnxX_EJOIv9lUWiJyklE_J42dMVDUg","row":"J","number":11,"pricing":{"salePrice":[{"value":2400,"currency":"GBP","decimalPlaces":2}],"faceValue":[{"value":2000,"currency":"GBP","decimalPlaces":2}],"percentageDiscount":0,"includesBookingFee":true,"createdAt":"2021-09-20T22:11:43+0000","promotionLabel":null},"attributes":[],"isRestrictedView":false},{"seatIdentifier":"GRAND_CIRCLE-J12","aggregateReference":"eyJ0eXAiOiJKV1QiLCJhbGciOiJIUzI1NiJ9.eyJzdGkiOjcwNzc1MiwicGFpIjoiZW5jb3JldGlja2V0cyIsInByaSI6ODYsInNpIjoiR1JBTkQgQ0lSQ0xFLUotMTIifQ.Pa_8lChzjA-YkdJ59wzpaetpyR0I7WpAmP4vO6PQBJ8","row":"J","number":12,"pricing":{"salePrice":[{"value":2400,"currency":"GBP","decimalPlaces":2}],"faceValue":[{"value":2000,"currency":"GBP","decimalPlaces":2}],"percentageDiscount":0,"includesBookingFee":true,"createdAt":"2021-09-20T22:11:43+0000","promotionLabel":null},"attributes":[],"isRestrictedView":false},{"seatIdentifier":"GRAND_CIRCLE-J13","aggregateReference":"eyJ0eXAiOiJKV1QiLCJhbGciOiJIUzI1NiJ9.eyJzdGkiOjcwNzc1MiwicGFpIjoiZW5jb3JldGlja2V0cyIsInByaSI6ODYsInNpIjoiR1JBTkQgQ0lSQ0xFLUotMTMifQ.EQlrWNImgqB96E14jQ2p8squuq4BSKhTWmjdFOqP5aU","row":"J","number":13,"pricing":{"salePrice":[{"value":2400,"currency":"GBP","decimalPlaces":2}],"faceValue":[{"value":2000,"currency":"GBP","decimalPlaces":2}],"percentageDiscount":0,"includesBookingFee":true,"createdAt":"2021-09-20T22:11:43+0000","promotionLabel":null},"attributes":[],"isRestrictedView":false}],"seatLumps":[{"seats":["GRAND_CIRCLE-J1","GRAND_CIRCLE-J2"]},{"seats":["GRAND_CIRCLE-J3","GRAND_CIRCLE-J4"]},{"seats":["GRAND_CIRCLE-J4","GRAND_CIRCLE-J5"]},{"seats":["GRAND_CIRCLE-J5","GRAND_CIRCLE-J6"]},{"seats":["GRAND_CIRCLE-J6","GRAND_CIRCLE-J7"]},{"seats":["GRAND_CIRCLE-J7","GRAND_CIRCLE-J8"]},{"seats":["GRAND_CIRCLE-J8","GRAND_CIRCLE-J9"]},{"seats":["GRAND_CIRCLE-J9","GRAND_CIRCLE-J10"]},{"seats":["GRAND_CIRCLE-J10","GRAND_CIRCLE-J11"]},{"seats":["GRAND_CIRCLE-J12","GRAND_CIRCLE-J13"]}]},{"groupIdentifier":"GRAND CIRCLE~J16;26","aggregateReference":null,"row":"J","mode":"allocated","seatNumberStart":16,"seatNumberEnd":26,"availableCount":11,"pricing":{"salePrice":[{"value":2400,"currency":"GBP","decimalPlaces":2}],"faceValue":[{"value":2000,"currency":"GBP","decimalPlaces":2}],"percentageDiscount":0,"includesBookingFee":true,"createdAt":"2021-09-20T22:11:43+0000","promotionLabel":null},"seats":[{"seatIdentifier":"GRAND_CIRCLE-J16","aggregateReference":"eyJ0eXAiOiJKV1QiLCJhbGciOiJIUzI1NiJ9.eyJzdGkiOjcwNzc1MiwicGFpIjoiZW5jb3JldGlja2V0cyIsInByaSI6ODYsInNpIjoiR1JBTkQgQ0lSQ0xFLUotMTYifQ.VWrbiDLbjco8AAFoRXHd-rowgmUhn1fbqqJQiuJmAJo","row":"J","number":16,"pricing":{"salePrice":[{"value":2400,"currency":"GBP","decimalPlaces":2}],"faceValue":[{"value":2000,"currency":"GBP","decimalPlaces":2}],"percentageDiscount":0,"includesBookingFee":true,"createdAt":"2021-09-20T22:11:43+0000","promotionLabel":null},"attributes":[],"isRestrictedView":false},{"seatIdentifier":"GRAND_CIRCLE-J17","aggregateReference":"eyJ0eXAiOiJKV1QiLCJhbGciOiJIUzI1NiJ9.eyJzdGkiOjcwNzc1MiwicGFpIjoiZW5jb3JldGlja2V0cyIsInByaSI6ODYsInNpIjoiR1JBTkQgQ0lSQ0xFLUotMTcifQ.-tMyV6EBccKvqiWeSOAeIYB36t57V5J9wRK8-VX8RgY","row":"J","number":17,"pricing":{"salePrice":[{"value":2400,"currency":"GBP","decimalPlaces":2}],"faceValue":[{"value":2000,"currency":"GBP","decimalPlaces":2}],"percentageDiscount":0,"includesBookingFee":true,"createdAt":"2021-09-20T22:11:43+0000","promotionLabel":null},"attributes":[],"isRestrictedView":false},{"seatIdentifier":"GRAND_CIRCLE-J18","aggregateReference":"eyJ0eXAiOiJKV1QiLCJhbGciOiJIUzI1NiJ9.eyJzdGkiOjcwNzc1MiwicGFpIjoiZW5jb3JldGlja2V0cyIsInByaSI6ODYsInNpIjoiR1JBTkQgQ0lSQ0xFLUotMTgifQ.Zel71kU8BZH4BcYLKp_jsfu-F8J6nAcLANlDBswcpUc","row":"J","number":18,"pricing":{"salePrice":[{"value":2400,"currency":"GBP","decimalPlaces":2}],"faceValue":[{"value":2000,"currency":"GBP","decimalPlaces":2}],"percentageDiscount":0,"includesBookingFee":true,"createdAt":"2021-09-20T22:11:43+0000","promotionLabel":null},"attributes":[],"isRestrictedView":false},{"seatIdentifier":"GRAND_CIRCLE-J19","aggregateReference":"eyJ0eXAiOiJKV1QiLCJhbGciOiJIUzI1NiJ9.eyJzdGkiOjcwNzc1MiwicGFpIjoiZW5jb3JldGlja2V0cyIsInByaSI6ODYsInNpIjoiR1JBTkQgQ0lSQ0xFLUotMTkifQ.g8JpY_RjYYrUikq1Y3myWrzRSdR_KjSKW4wpeekEiu0","row":"J","number":19,"pricing":{"salePrice":[{"value":2400,"currency":"GBP","decimalPlaces":2}],"faceValue":[{"value":2000,"currency":"GBP","decimalPlaces":2}],"percentageDiscount":0,"includesBookingFee":true,"createdAt":"2021-09-20T22:11:43+0000","promotionLabel":null},"attributes":[],"isRestrictedView":false},{"seatIdentifier":"GRAND_CIRCLE-J20","aggregateReference":"eyJ0eXAiOiJKV1QiLCJhbGciOiJIUzI1NiJ9.eyJzdGkiOjcwNzc1MiwicGFpIjoiZW5jb3JldGlja2V0cyIsInByaSI6ODYsInNpIjoiR1JBTkQgQ0lSQ0xFLUotMjAifQ.BnmWba10z7R4d0xx_vgYD-_Ju1LDInGs8f60sCv3_bM","row":"J","number":20,"pricing":{"salePrice":[{"value":2400,"currency":"GBP","decimalPlaces":2}],"faceValue":[{"value":2000,"currency":"GBP","decimalPlaces":2}],"percentageDiscount":0,"includesBookingFee":true,"createdAt":"2021-09-20T22:11:43+0000","promotionLabel":null},"attributes":[],"isRestrictedView":false},{"seatIdentifier":"GRAND_CIRCLE-J21","aggregateReference":"eyJ0eXAiOiJKV1QiLCJhbGciOiJIUzI1NiJ9.eyJzdGkiOjcwNzc1MiwicGFpIjoiZW5jb3JldGlja2V0cyIsInByaSI6ODYsInNpIjoiR1JBTkQgQ0lSQ0xFLUotMjEifQ.EcYQox9BFq_7CrpIP_4Ap6jrRbV9Wk9G6XCJHDd47D8","row":"J","number":21,"pricing":{"salePrice":[{"value":2400,"currency":"GBP","decimalPlaces":2}],"faceValue":[{"value":2000,"currency":"GBP","decimalPlaces":2}],"percentageDiscount":0,"includesBookingFee":true,"createdAt":"2021-09-20T22:11:43+0000","promotionLabel":null},"attributes":[],"isRestrictedView":false},{"seatIdentifier":"GRAND_CIRCLE-J22","aggregateReference":"eyJ0eXAiOiJKV1QiLCJhbGciOiJIUzI1NiJ9.eyJzdGkiOjcwNzc1MiwicGFpIjoiZW5jb3JldGlja2V0cyIsInByaSI6ODYsInNpIjoiR1JBTkQgQ0lSQ0xFLUotMjIifQ.Y1zsGKgIKgIUl0DEYx-qlz6hHKJciujatw3fUI5JZwI","row":"J","number":22,"pricing":{"salePrice":[{"value":2400,"currency":"GBP","decimalPlaces":2}],"faceValue":[{"value":2000,"currency":"GBP","decimalPlaces":2}],"percentageDiscount":0,"includesBookingFee":true,"createdAt":"2021-09-20T22:11:43+0000","promotionLabel":null},"attributes":[],"isRestrictedView":false},{"seatIdentifier":"GRAND_CIRCLE-J23","aggregateReference":"eyJ0eXAiOiJKV1QiLCJhbGciOiJIUzI1NiJ9.eyJzdGkiOjcwNzc1MiwicGFpIjoiZW5jb3JldGlja2V0cyIsInByaSI6ODYsInNpIjoiR1JBTkQgQ0lSQ0xFLUotMjMifQ.WqGm5Ejq_dqrADVXA0NVp3PEa9Z8SppAKoUXUHGw-BU","row":"J","number":23,"pricing":{"salePrice":[{"value":2400,"currency":"GBP","decimalPlaces":2}],"faceValue":[{"value":2000,"currency":"GBP","decimalPlaces":2}],"percentageDiscount":0,"includesBookingFee":true,"createdAt":"2021-09-20T22:11:43+0000","promotionLabel":null},"attributes":[],"isRestrictedView":false},{"seatIdentifier":"GRAND_CIRCLE-J24","aggregateReference":"eyJ0eXAiOiJKV1QiLCJhbGciOiJIUzI1NiJ9.eyJzdGkiOjcwNzc1MiwicGFpIjoiZW5jb3JldGlja2V0cyIsInByaSI6ODYsInNpIjoiR1JBTkQgQ0lSQ0xFLUotMjQifQ.q37smNMZJAN-_JFYDvKiw7wzoE3rL2LogAUKmHCVizA","row":"J","number":24,"pricing":{"salePrice":[{"value":2400,"currency":"GBP","decimalPlaces":2}],"faceValue":[{"value":2000,"currency":"GBP","decimalPlaces":2}],"percentageDiscount":0,"includesBookingFee":true,"createdAt":"2021-09-20T22:11:43+0000","promotionLabel":null},"attributes":[],"isRestrictedView":false},{"seatIdentifier":"GRAND_CIRCLE-J25","aggregateReference":"eyJ0eXAiOiJKV1QiLCJhbGciOiJIUzI1NiJ9.eyJzdGkiOjcwNzc1MiwicGFpIjoiZW5jb3JldGlja2V0cyIsInByaSI6ODYsInNpIjoiR1JBTkQgQ0lSQ0xFLUotMjUifQ.RjhkhftSCjp_gLXG25yj8PKaVLUtjEccStvxTOTRqe0","row":"J","number":25,"pricing":{"salePrice":[{"value":2400,"currency":"GBP","decimalPlaces":2}],"faceValue":[{"value":2000,"currency":"GBP","decimalPlaces":2}],"percentageDiscount":0,"includesBookingFee":true,"createdAt":"2021-09-20T22:11:43+0000","promotionLabel":null},"attributes":[],"isRestrictedView":false},{"seatIdentifier":"GRAND_CIRCLE-J26","aggregateReference":"eyJ0eXAiOiJKV1QiLCJhbGciOiJIUzI1NiJ9.eyJzdGkiOjcwNzc1MiwicGFpIjoiZW5jb3JldGlja2V0cyIsInByaSI6ODYsInNpIjoiR1JBTkQgQ0lSQ0xFLUotMjYifQ.xcuI5Ck-y4mZlOh-13T68nuZK5ZANzLDD9f0vFH6pCg","row":"J","number":26,"pricing":{"salePrice":[{"value":2400,"currency":"GBP","decimalPlaces":2}],"faceValue":[{"value":2000,"currency":"GBP","decimalPlaces":2}],"percentageDiscount":0,"includesBookingFee":true,"createdAt":"2021-09-20T22:11:43+0000","promotionLabel":null},"attributes":[{"title":"EndOfRow","description":"Seat at end of row","intention":"positive"}],"isRestrictedView":false}],"seatLumps":[{"seats":["GRAND_CIRCLE-J16","GRAND_CIRCLE-J17"]},{"seats":["GRAND_CIRCLE-J18","GRAND_CIRCLE-J19"]},{"seats":["GRAND_CIRCLE-J19","GRAND_CIRCLE-J20"]},{"seats":["GRAND_CIRCLE-J20","GRAND_CIRCLE-J21"]},{"seats":["GRAND_CIRCLE-J21","GRAND_CIRCLE-J22"]},{"seats":["GRAND_CIRCLE-J22","GRAND_CIRCLE-J23"]},{"seats":["GRAND_CIRCLE-J23","GRAND_CIRCLE-J24"]},{"seats":["GRAND_CIRCLE-J25","GRAND_CIRCLE-J26"]}]},{"groupIdentifier":"GRAND CIRCLE~K1;10","aggregateReference":null,"row":"K","mode":"allocated","seatNumberStart":1,"seatNumberEnd":10,"availableCount":10,"pricing":{"salePrice":[{"value":2400,"currency":"GBP","decimalPlaces":2}],"faceValue":[{"value":2000,"currency":"GBP","decimalPlaces":2}],"percentageDiscount":0,"includesBookingFee":true,"createdAt":"2021-09-20T22:11:43+0000","promotionLabel":null},"seats":[{"seatIdentifier":"GRAND_CIRCLE-K1","aggregateReference":"eyJ0eXAiOiJKV1QiLCJhbGciOiJIUzI1NiJ9.eyJzdGkiOjcwNzc1MiwicGFpIjoiZW5jb3JldGlja2V0cyIsInByaSI6ODYsInNpIjoiR1JBTkQgQ0lSQ0xFLUstMSJ9.wbsYACpKzKQMs1ir_3CZa8bYRC7QqMZ-qtFHLr8_GGQ","row":"K","number":1,"pricing":{"salePrice":[{"value":2400,"currency":"GBP","decimalPlaces":2}],"faceValue":[{"value":2000,"currency":"GBP","decimalPlaces":2}],"percentageDiscount":0,"includesBookingFee":true,"createdAt":"2021-09-20T22:11:43+0000","promotionLabel":null},"attributes":[{"title":"EndOfRow","description":"Seat at end of row","intention":"positive"}],"isRestrictedView":false},{"seatIdentifier":"GRAND_CIRCLE-K2","aggregateReference":"eyJ0eXAiOiJKV1QiLCJhbGciOiJIUzI1NiJ9.eyJzdGkiOjcwNzc1MiwicGFpIjoiZW5jb3JldGlja2V0cyIsInByaSI6ODYsInNpIjoiR1JBTkQgQ0lSQ0xFLUstMiJ9.CvSlg0odC3pvwDpqwG08nZVXuHoPn9ElPCiX-dgv33w","row":"K","number":2,"pricing":{"salePrice":[{"value":2400,"currency":"GBP","decimalPlaces":2}],"faceValue":[{"value":2000,"currency":"GBP","decimalPlaces":2}],"percentageDiscount":0,"includesBookingFee":true,"createdAt":"2021-09-20T22:11:43+0000","promotionLabel":null},"attributes":[],"isRestrictedView":false},{"seatIdentifier":"GRAND_CIRCLE-K3","aggregateReference":"eyJ0eXAiOiJKV1QiLCJhbGciOiJIUzI1NiJ9.eyJzdGkiOjcwNzc1MiwicGFpIjoiZW5jb3JldGlja2V0cyIsInByaSI6ODYsInNpIjoiR1JBTkQgQ0lSQ0xFLUstMyJ9.2bZhmxYMiWxAwxtqD0FWyLhrcsbWuedDVpmZeA8iAbg","row":"K","number":3,"pricing":{"salePrice":[{"value":2400,"currency":"GBP","decimalPlaces":2}],"faceValue":[{"value":2000,"currency":"GBP","decimalPlaces":2}],"percentageDiscount":0,"includesBookingFee":true,"createdAt":"2021-09-20T22:11:43+0000","promotionLabel":null},"attributes":[],"isRestrictedView":false},{"seatIdentifier":"GRAND_CIRCLE-K4","aggregateReference":"eyJ0eXAiOiJKV1QiLCJhbGciOiJIUzI1NiJ9.eyJzdGkiOjcwNzc1MiwicGFpIjoiZW5jb3JldGlja2V0cyIsInByaSI6ODYsInNpIjoiR1JBTkQgQ0lSQ0xFLUstNCJ9.B2tOjVjA1WV0GIzSBRG4_XTmbyGzXukUcfD2FuVciS0","row":"K","number":4,"pricing":{"salePrice":[{"value":2400,"currency":"GBP","decimalPlaces":2}],"faceValue":[{"value":2000,"currency":"GBP","decimalPlaces":2}],"percentageDiscount":0,"includesBookingFee":true,"createdAt":"2021-09-20T22:11:43+0000","promotionLabel":null},"attributes":[],"isRestrictedView":false},{"seatIdentifier":"GRAND_CIRCLE-K5","aggregateReference":"eyJ0eXAiOiJKV1QiLCJhbGciOiJIUzI1NiJ9.eyJzdGkiOjcwNzc1MiwicGFpIjoiZW5jb3JldGlja2V0cyIsInByaSI6ODYsInNpIjoiR1JBTkQgQ0lSQ0xFLUstNSJ9.o3n-3EzPFf-b1xjs3vMYqUGRXVXS-BXbw4P7k0IL21U","row":"K","number":5,"pricing":{"salePrice":[{"value":2400,"currency":"GBP","decimalPlaces":2}],"faceValue":[{"value":2000,"currency":"GBP","decimalPlaces":2}],"percentageDiscount":0,"includesBookingFee":true,"createdAt":"2021-09-20T22:11:43+0000","promotionLabel":null},"attributes":[],"isRestrictedView":false},{"seatIdentifier":"GRAND_CIRCLE-K6","aggregateReference":"eyJ0eXAiOiJKV1QiLCJhbGciOiJIUzI1NiJ9.eyJzdGkiOjcwNzc1MiwicGFpIjoiZW5jb3JldGlja2V0cyIsInByaSI6ODYsInNpIjoiR1JBTkQgQ0lSQ0xFLUstNiJ9.a1QRAAi9YzVVFW6wKPS8pzghuhaAeE-zUMwSVo492ps","row":"K","number":6,"pricing":{"salePrice":[{"value":2400,"currency":"GBP","decimalPlaces":2}],"faceValue":[{"value":2000,"currency":"GBP","decimalPlaces":2}],"percentageDiscount":0,"includesBookingFee":true,"createdAt":"2021-09-20T22:11:43+0000","promotionLabel":null},"attributes":[],"isRestrictedView":false},{"seatIdentifier":"GRAND_CIRCLE-K7","aggregateReference":"eyJ0eXAiOiJKV1QiLCJhbGciOiJIUzI1NiJ9.eyJzdGkiOjcwNzc1MiwicGFpIjoiZW5jb3JldGlja2V0cyIsInByaSI6ODYsInNpIjoiR1JBTkQgQ0lSQ0xFLUstNyJ9.die4hzeyfVXzMjXxHVse9iHOmpTGWhmEFE9j4prgnMM","row":"K","number":7,"pricing":{"salePrice":[{"value":2400,"currency":"GBP","decimalPlaces":2}],"faceValue":[{"value":2000,"currency":"GBP","decimalPlaces":2}],"percentageDiscount":0,"includesBookingFee":true,"createdAt":"2021-09-20T22:11:43+0000","promotionLabel":null},"attributes":[],"isRestrictedView":false},{"seatIdentifier":"GRAND_CIRCLE-K8","aggregateReference":"eyJ0eXAiOiJKV1QiLCJhbGciOiJIUzI1NiJ9.eyJzdGkiOjcwNzc1MiwicGFpIjoiZW5jb3JldGlja2V0cyIsInByaSI6ODYsInNpIjoiR1JBTkQgQ0lSQ0xFLUstOCJ9.1OSsqsanqjg7a6m-YM17Q4r4BTO8-OJgYc7Ju8JcmYE","row":"K","number":8,"pricing":{"salePrice":[{"value":2400,"currency":"GBP","decimalPlaces":2}],"faceValue":[{"value":2000,"currency":"GBP","decimalPlaces":2}],"percentageDiscount":0,"includesBookingFee":true,"createdAt":"2021-09-20T22:11:43+0000","promotionLabel":null},"attributes":[],"isRestrictedView":false},{"seatIdentifier":"GRAND_CIRCLE-K9","aggregateReference":"eyJ0eXAiOiJKV1QiLCJhbGciOiJIUzI1NiJ9.eyJzdGkiOjcwNzc1MiwicGFpIjoiZW5jb3JldGlja2V0cyIsInByaSI6ODYsInNpIjoiR1JBTkQgQ0lSQ0xFLUstOSJ9.7ClrSI3WGvGp33lFyBb_y45mjpCnURn5K5xI-sNzSaY","row":"K","number":9,"pricing":{"salePrice":[{"value":2400,"currency":"GBP","decimalPlaces":2}],"faceValue":[{"value":2000,"currency":"GBP","decimalPlaces":2}],"percentageDiscount":0,"includesBookingFee":true,"createdAt":"2021-09-20T22:11:43+0000","promotionLabel":null},"attributes":[],"isRestrictedView":false},{"seatIdentifier":"GRAND_CIRCLE-K10","aggregateReference":"eyJ0eXAiOiJKV1QiLCJhbGciOiJIUzI1NiJ9.eyJzdGkiOjcwNzc1MiwicGFpIjoiZW5jb3JldGlja2V0cyIsInByaSI6ODYsInNpIjoiR1JBTkQgQ0lSQ0xFLUstMTAifQ.aMCVHeWVTpLAzMRoU6YEyrPOIdMh5ERJTLtYaSRyeuk","row":"K","number":10,"pricing":{"salePrice":[{"value":2400,"currency":"GBP","decimalPlaces":2}],"faceValue":[{"value":2000,"currency":"GBP","decimalPlaces":2}],"percentageDiscount":0,"includesBookingFee":true,"createdAt":"2021-09-20T22:11:43+0000","promotionLabel":null},"attributes":[{"title":"EndOfRow","description":"Seat at end of row","intention":"positive"}],"isRestrictedView":false}],"seatLumps":[{"seats":["GRAND_CIRCLE-K1","GRAND_CIRCLE-K2"]},{"seats":["GRAND_CIRCLE-K3","GRAND_CIRCLE-K4"]},{"seats":["GRAND_CIRCLE-K4","GRAND_CIRCLE-K5"]},{"seats":["GRAND_CIRCLE-K5","GRAND_CIRCLE-K6"]},{"seats":["GRAND_CIRCLE-K6","GRAND_CIRCLE-K7"]},{"seats":["GRAND_CIRCLE-K7","GRAND_CIRCLE-K8"]},{"seats":["GRAND_CIRCLE-K9","GRAND_CIRCLE-K10"]}]},{"groupIdentifier":"GRAND CIRCLE~K18;24","aggregateReference":null,"row":"K","mode":"allocated","seatNumberStart":18,"seatNumberEnd":24,"availableCount":7,"pricing":{"salePrice":[{"value":2400,"currency":"GBP","decimalPlaces":2}],"faceValue":[{"value":2000,"currency":"GBP","decimalPlaces":2}],"percentageDiscount":0,"includesBookingFee":true,"createdAt":"2021-09-20T22:11:43+0000","promotionLabel":null},"seats":[{"seatIdentifier":"GRAND_CIRCLE-K18","aggregateReference":"eyJ0eXAiOiJKV1QiLCJhbGciOiJIUzI1NiJ9.eyJzdGkiOjcwNzc1MiwicGFpIjoiZW5jb3JldGlja2V0cyIsInByaSI6ODYsInNpIjoiR1JBTkQgQ0lSQ0xFLUstMTgifQ.5CgQ2F7Mt18QL6Yrm9ZN-BE_6hCZpO6GvB8MImQDjKs","row":"K","number":18,"pricing":{"salePrice":[{"value":2400,"currency":"GBP","decimalPlaces":2}],"faceValue":[{"value":2000,"currency":"GBP","decimalPlaces":2}],"percentageDiscount":0,"includesBookingFee":true,"createdAt":"2021-09-20T22:11:43+0000","promotionLabel":null},"attributes":[],"isRestrictedView":false},{"seatIdentifier":"GRAND_CIRCLE-K19","aggregateReference":"eyJ0eXAiOiJKV1QiLCJhbGciOiJIUzI1NiJ9.eyJzdGkiOjcwNzc1MiwicGFpIjoiZW5jb3JldGlja2V0cyIsInByaSI6ODYsInNpIjoiR1JBTkQgQ0lSQ0xFLUstMTkifQ.1zEH1CYMr8Aa_FMwJNzCXk7ZbWupM9oAFOuT93dcWrw","row":"K","number":19,"pricing":{"salePrice":[{"value":2400,"currency":"GBP","decimalPlaces":2}],"faceValue":[{"value":2000,"currency":"GBP","decimalPlaces":2}],"percentageDiscount":0,"includesBookingFee":true,"createdAt":"2021-09-20T22:11:43+0000","promotionLabel":null},"attributes":[],"isRestrictedView":false},{"seatIdentifier":"GRAND_CIRCLE-K20","aggregateReference":"eyJ0eXAiOiJKV1QiLCJhbGciOiJIUzI1NiJ9.eyJzdGkiOjcwNzc1MiwicGFpIjoiZW5jb3JldGlja2V0cyIsInByaSI6ODYsInNpIjoiR1JBTkQgQ0lSQ0xFLUstMjAifQ.bspiIbDDycoUt-83h9hWG33EVcucBCQWAsvOP8FqZQA","row":"K","number":20,"pricing":{"salePrice":[{"value":2400,"currency":"GBP","decimalPlaces":2}],"faceValue":[{"value":2000,"currency":"GBP","decimalPlaces":2}],"percentageDiscount":0,"includesBookingFee":true,"createdAt":"2021-09-20T22:11:43+0000","promotionLabel":null},"attributes":[],"isRestrictedView":false},{"seatIdentifier":"GRAND_CIRCLE-K21","aggregateReference":"eyJ0eXAiOiJKV1QiLCJhbGciOiJIUzI1NiJ9.eyJzdGkiOjcwNzc1MiwicGFpIjoiZW5jb3JldGlja2V0cyIsInByaSI6ODYsInNpIjoiR1JBTkQgQ0lSQ0xFLUstMjEifQ.6lNNxSsDBXUkvX_WNKqcUIlYnKncPIUQ_gcfYbuYUsU","row":"K","number":21,"pricing":{"salePrice":[{"value":2400,"currency":"GBP","decimalPlaces":2}],"faceValue":[{"value":2000,"currency":"GBP","decimalPlaces":2}],"percentageDiscount":0,"includesBookingFee":true,"createdAt":"2021-09-20T22:11:43+0000","promotionLabel":null},"attributes":[],"isRestrictedView":false},{"seatIdentifier":"GRAND_CIRCLE-K22","aggregateReference":"eyJ0eXAiOiJKV1QiLCJhbGciOiJIUzI1NiJ9.eyJzdGkiOjcwNzc1MiwicGFpIjoiZW5jb3JldGlja2V0cyIsInByaSI6ODYsInNpIjoiR1JBTkQgQ0lSQ0xFLUstMjIifQ.x9V8we-r60OaTbpqBNzl3cZ1c3l7KmpwhNosqPjmbZw","row":"K","number":22,"pricing":{"salePrice":[{"value":2400,"currency":"GBP","decimalPlaces":2}],"faceValue":[{"value":2000,"currency":"GBP","decimalPlaces":2}],"percentageDiscount":0,"includesBookingFee":true,"createdAt":"2021-09-20T22:11:43+0000","promotionLabel":null},"attributes":[],"isRestrictedView":false},{"seatIdentifier":"GRAND_CIRCLE-K23","aggregateReference":"eyJ0eXAiOiJKV1QiLCJhbGciOiJIUzI1NiJ9.eyJzdGkiOjcwNzc1MiwicGFpIjoiZW5jb3JldGlja2V0cyIsInByaSI6ODYsInNpIjoiR1JBTkQgQ0lSQ0xFLUstMjMifQ.9gQ7N9AJ6gwJ3_QHWmW3ArY9fCxjt7A4-XJLf-mlvCU","row":"K","number":23,"pricing":{"salePrice":[{"value":2400,"currency":"GBP","decimalPlaces":2}],"faceValue":[{"value":2000,"currency":"GBP","decimalPlaces":2}],"percentageDiscount":0,"includesBookingFee":true,"createdAt":"2021-09-20T22:11:43+0000","promotionLabel":null},"attributes":[],"isRestrictedView":false},{"seatIdentifier":"GRAND_CIRCLE-K24","aggregateReference":"eyJ0eXAiOiJKV1QiLCJhbGciOiJIUzI1NiJ9.eyJzdGkiOjcwNzc1MiwicGFpIjoiZW5jb3JldGlja2V0cyIsInByaSI6ODYsInNpIjoiR1JBTkQgQ0lSQ0xFLUstMjQifQ.66dLffHxMR58mkfGcxO26u5i4Kg2dQgNu7H1O-IzVWo","row":"K","number":24,"pricing":{"salePrice":[{"value":2400,"currency":"GBP","decimalPlaces":2}],"faceValue":[{"value":2000,"currency":"GBP","decimalPlaces":2}],"percentageDiscount":0,"includesBookingFee":true,"createdAt":"2021-09-20T22:11:43+0000","promotionLabel":null},"attributes":[{"title":"EndOfRow","description":"Seat at end of row","intention":"positive"}],"isRestrictedView":false}],"seatLumps":[{"seats":["GRAND_CIRCLE-K18","GRAND_CIRCLE-K19"]},{"seats":["GRAND_CIRCLE-K20","GRAND_CIRCLE-K21"]},{"seats":["GRAND_CIRCLE-K21","GRAND_CIRCLE-K22"]},{"seats":["GRAND_CIRCLE-K23","GRAND_CIRCLE-K24"]}]},{"groupIdentifier":"GRAND CIRCLE~L1;2","aggregateReference":null,"row":"L","mode":"allocated","seatNumberStart":1,"seatNumberEnd":2,"availableCount":2,"pricing":{"salePrice":[{"value":2400,"currency":"GBP","decimalPlaces":2}],"faceValue":[{"value":2000,"currency":"GBP","decimalPlaces":2}],"percentageDiscount":0,"includesBookingFee":true,"createdAt":"2021-09-20T22:11:43+0000","promotionLabel":null},"seats":[{"seatIdentifier":"GRAND_CIRCLE-L1","aggregateReference":"eyJ0eXAiOiJKV1QiLCJhbGciOiJIUzI1NiJ9.eyJzdGkiOjcwNzc1MiwicGFpIjoiZW5jb3JldGlja2V0cyIsInByaSI6ODYsInNpIjoiR1JBTkQgQ0lSQ0xFLUwtMSJ9.S88dDZKNzR4MXI0jNZbxDaLG46pmNlCYnSMrFC3haVQ","row":"L","number":1,"pricing":{"salePrice":[{"value":2400,"currency":"GBP","decimalPlaces":2}],"faceValue":[{"value":2000,"currency":"GBP","decimalPlaces":2}],"percentageDiscount":0,"includesBookingFee":true,"createdAt":"2021-09-20T22:11:43+0000","promotionLabel":null},"attributes":[{"title":"EndOfRow","description":"Seat at end of row","intention":"positive"}],"isRestrictedView":false},{"seatIdentifier":"GRAND_CIRCLE-L2","aggregateReference":"eyJ0eXAiOiJKV1QiLCJhbGciOiJIUzI1NiJ9.eyJzdGkiOjcwNzc1MiwicGFpIjoiZW5jb3JldGlja2V0cyIsInByaSI6ODYsInNpIjoiR1JBTkQgQ0lSQ0xFLUwtMiJ9.6KPB_YYjY_fqi04lRDTuwquRxsO6Q1DY1K-7kkgoE4E","row":"L","number":2,"pricing":{"salePrice":[{"value":2400,"currency":"GBP","decimalPlaces":2}],"faceValue":[{"value":2000,"currency":"GBP","decimalPlaces":2}],"percentageDiscount":0,"includesBookingFee":true,"createdAt":"2021-09-20T22:11:43+0000","promotionLabel":null},"attributes":[{"title":"EndOfRow","description":"Seat at end of row","intention":"positive"}],"isRestrictedView":false}],"seatLumps":[{"seats":["GRAND_CIRCLE-L1","GRAND_CIRCLE-L2"]}]},{"groupIdentifier":"GRAND CIRCLE~L21;22","aggregateReference":null,"row":"L","mode":"allocated","seatNumberStart":21,"seatNumberEnd":22,"availableCount":2,"pricing":{"salePrice":[{"value":2400,"currency":"GBP","decimalPlaces":2}],"faceValue":[{"value":2000,"currency":"GBP","decimalPlaces":2}],"percentageDiscount":0,"includesBookingFee":true,"createdAt":"2021-09-20T22:11:43+0000","promotionLabel":null},"seats":[{"seatIdentifier":"GRAND_CIRCLE-L21","aggregateReference":"eyJ0eXAiOiJKV1QiLCJhbGciOiJIUzI1NiJ9.eyJzdGkiOjcwNzc1MiwicGFpIjoiZW5jb3JldGlja2V0cyIsInByaSI6ODYsInNpIjoiR1JBTkQgQ0lSQ0xFLUwtMjEifQ.G8euNArIuCuL5qw3SBPzQvnQU7PPdQD1ihL1fdAE09c","row":"L","number":21,"pricing":{"salePrice":[{"value":2400,"currency":"GBP","decimalPlaces":2}],"faceValue":[{"value":2000,"currency":"GBP","decimalPlaces":2}],"percentageDiscount":0,"includesBookingFee":true,"createdAt":"2021-09-20T22:11:43+0000","promotionLabel":null},"attributes":[{"title":"EndOfRow","description":"Seat at end of row","intention":"positive"}],"isRestrictedView":false},{"seatIdentifier":"GRAND_CIRCLE-L22","aggregateReference":"eyJ0eXAiOiJKV1QiLCJhbGciOiJIUzI1NiJ9.eyJzdGkiOjcwNzc1MiwicGFpIjoiZW5jb3JldGlja2V0cyIsInByaSI6ODYsInNpIjoiR1JBTkQgQ0lSQ0xFLUwtMjIifQ.QLdlihi4hTAq6tXlWTeF98dOSO3pHFdkowURy73Ex-Y","row":"L","number":22,"pricing":{"salePrice":[{"value":2400,"currency":"GBP","decimalPlaces":2}],"faceValue":[{"value":2000,"currency":"GBP","decimalPlaces":2}],"percentageDiscount":0,"includesBookingFee":true,"createdAt":"2021-09-20T22:11:43+0000","promotionLabel":null},"attributes":[{"title":"EndOfRow","description":"Seat at end of row","intention":"positive"}],"isRestrictedView":false}],"seatLumps":[{"seats":["GRAND_CIRCLE-L21","GRAND_CIRCLE-L22"]}]},{"groupIdentifier":"GRAND CIRCLE~D1;4","aggregateReference":null,"row":"D","mode":"allocated","seatNumberStart":1,"seatNumberEnd":4,"availableCount":4,"pricing":{"salePrice":[{"value":3600,"currency":"GBP","decimalPlaces":2}],"faceValue":[{"value":3000,"currency":"GBP","decimalPlaces":2}],"percentageDiscount":0,"includesBookingFee":true,"createdAt":"2021-09-20T22:11:43+0000","promotionLabel":null},"seats":[{"seatIdentifier":"GRAND_CIRCLE-D1","aggregateReference":"eyJ0eXAiOiJKV1QiLCJhbGciOiJIUzI1NiJ9.eyJzdGkiOjcwNzc1MiwicGFpIjoiZW5jb3JldGlja2V0cyIsInByaSI6ODYsInNpIjoiR1JBTkQgQ0lSQ0xFLUQtMSJ9.zuL0uieY_kfot-UwrNEydDzpFQKUFNGXfcsPh-R2Ars","row":"D","number":1,"pricing":{"salePrice":[{"value":3600,"currency":"GBP","decimalPlaces":2}],"faceValue":[{"value":3000,"currency":"GBP","decimalPlaces":2}],"percentageDiscount":0,"includesBookingFee":true,"createdAt":"2021-09-20T22:11:43+0000","promotionLabel":null},"attributes":[{"title":"EndOfRow","description":"Seat at end of row","intention":"positive"},{"title":"ExtraLegRoom","description":"Extra legroom","intention":"positive"},{"title":"RestrictedView","description":"Restricted view","intention":"negative"}],"isRestrictedView":true},{"seatIdentifier":"GRAND_CIRCLE-D2","aggregateReference":"eyJ0eXAiOiJKV1QiLCJhbGciOiJIUzI1NiJ9.eyJzdGkiOjcwNzc1MiwicGFpIjoiZW5jb3JldGlja2V0cyIsInByaSI6ODYsInNpIjoiR1JBTkQgQ0lSQ0xFLUQtMiJ9.2wm20HrwUiAKdavgwNdsG2ta9UY3sZXBelGGXMhuSds","row":"D","number":2,"pricing":{"salePrice":[{"value":3600,"currency":"GBP","decimalPlaces":2}],"faceValue":[{"value":3000,"currency":"GBP","decimalPlaces":2}],"percentageDiscount":0,"includesBookingFee":true,"createdAt":"2021-09-20T22:11:43+0000","promotionLabel":null},"attributes":[{"title":"ExtraLegRoom","description":"Extra legroom","intention":"positive"},{"title":"RestrictedView","description":"Restricted view","intention":"negative"}],"isRestrictedView":true},{"seatIdentifier":"GRAND_CIRCLE-D3","aggregateReference":"eyJ0eXAiOiJKV1QiLCJhbGciOiJIUzI1NiJ9.eyJzdGkiOjcwNzc1MiwicGFpIjoiZW5jb3JldGlja2V0cyIsInByaSI6ODYsInNpIjoiR1JBTkQgQ0lSQ0xFLUQtMyJ9.7lg7vNYnNOoZryU8y484O_z6wd8YCUFyFRIXzk1occA","row":"D","number":3,"pricing":{"salePrice":[{"value":3600,"currency":"GBP","decimalPlaces":2}],"faceValue":[{"value":3000,"currency":"GBP","decimalPlaces":2}],"percentageDiscount":0,"includesBookingFee":true,"createdAt":"2021-09-20T22:11:43+0000","promotionLabel":null},"attributes":[{"title":"ExtraLegRoom","description":"Extra legroom","intention":"positive"},{"title":"RestrictedView","description":"Restricted view","intention":"negative"}],"isRestrictedView":true},{"seatIdentifier":"GRAND_CIRCLE-D4","aggregateReference":"eyJ0eXAiOiJKV1QiLCJhbGciOiJIUzI1NiJ9.eyJzdGkiOjcwNzc1MiwicGFpIjoiZW5jb3JldGlja2V0cyIsInByaSI6ODYsInNpIjoiR1JBTkQgQ0lSQ0xFLUQtNCJ9.BGL2KTQ30A0RXULdvNmAQm_to_7UOZnYvy6zt7ELgr4","row":"D","number":4,"pricing":{"salePrice":[{"value":3600,"currency":"GBP","decimalPlaces":2}],"faceValue":[{"value":3000,"currency":"GBP","decimalPlaces":2}],"percentageDiscount":0,"includesBookingFee":true,"createdAt":"2021-09-20T22:11:43+0000","promotionLabel":null},"attributes":[{"title":"ExtraLegRoom","description":"Extra legroom","intention":"positive"},{"title":"RestrictedView","description":"Restricted view","intention":"negative"}],"isRestrictedView":true}],"seatLumps":[{"seats":["GRAND_CIRCLE-D1","GRAND_CIRCLE-D2"]},{"seats":["GRAND_CIRCLE-D3","GRAND_CIRCLE-D4"]}]},{"groupIdentifier":"GRAND CIRCLE~D26;29","aggregateReference":null,"row":"D","mode":"allocated","seatNumberStart":26,"seatNumberEnd":29,"availableCount":4,"pricing":{"salePrice":[{"value":3600,"currency":"GBP","decimalPlaces":2}],"faceValue":[{"value":3000,"currency":"GBP","decimalPlaces":2}],"percentageDiscount":0,"includesBookingFee":true,"createdAt":"2021-09-20T22:11:43+0000","promotionLabel":null},"seats":[{"seatIdentifier":"GRAND_CIRCLE-D26","aggregateReference":"eyJ0eXAiOiJKV1QiLCJhbGciOiJIUzI1NiJ9.eyJzdGkiOjcwNzc1MiwicGFpIjoiZW5jb3JldGlja2V0cyIsInByaSI6ODYsInNpIjoiR1JBTkQgQ0lSQ0xFLUQtMjYifQ.SiCRcvRV_TSgcyGJkM0xD_oDk1agYHsD9ViPsIiQ-3k","row":"D","number":26,"pricing":{"salePrice":[{"value":3600,"currency":"GBP","decimalPlaces":2}],"faceValue":[{"value":3000,"currency":"GBP","decimalPlaces":2}],"percentageDiscount":0,"includesBookingFee":true,"createdAt":"2021-09-20T22:11:43+0000","promotionLabel":null},"attributes":[{"title":"ExtraLegRoom","description":"Extra legroom","intention":"positive"},{"title":"RestrictedView","description":"Restricted view","intention":"negative"}],"isRestrictedView":true},{"seatIdentifier":"GRAND_CIRCLE-D27","aggregateReference":"eyJ0eXAiOiJKV1QiLCJhbGciOiJIUzI1NiJ9.eyJzdGkiOjcwNzc1MiwicGFpIjoiZW5jb3JldGlja2V0cyIsInByaSI6ODYsInNpIjoiR1JBTkQgQ0lSQ0xFLUQtMjcifQ.MDeCycgCDPP8H0tVMbXRuiTYbZjicHnDXL-LOAQv22k","row":"D","number":27,"pricing":{"salePrice":[{"value":3600,"currency":"GBP","decimalPlaces":2}],"faceValue":[{"value":3000,"currency":"GBP","decimalPlaces":2}],"percentageDiscount":0,"includesBookingFee":true,"createdAt":"2021-09-20T22:11:43+0000","promotionLabel":null},"attributes":[{"title":"ExtraLegRoom","description":"Extra legroom","intention":"positive"},{"title":"RestrictedView","description":"Restricted view","intention":"negative"}],"isRestrictedView":true},{"seatIdentifier":"GRAND_CIRCLE-D28","aggregateReference":"eyJ0eXAiOiJKV1QiLCJhbGciOiJIUzI1NiJ9.eyJzdGkiOjcwNzc1MiwicGFpIjoiZW5jb3JldGlja2V0cyIsInByaSI6ODYsInNpIjoiR1JBTkQgQ0lSQ0xFLUQtMjgifQ.lkqdFA83-AuuFUAYD-9MsZEtLqiDPZfD7gi3MpmGt-w","row":"D","number":28,"pricing":{"salePrice":[{"value":3600,"currency":"GBP","decimalPlaces":2}],"faceValue":[{"value":3000,"currency":"GBP","decimalPlaces":2}],"percentageDiscount":0,"includesBookingFee":true,"createdAt":"2021-09-20T22:11:43+0000","promotionLabel":null},"attributes":[{"title":"ExtraLegRoom","description":"Extra legroom","intention":"positive"},{"title":"RestrictedView","description":"Restricted view","intention":"negative"}],"isRestrictedView":true},{"seatIdentifier":"GRAND_CIRCLE-D29","aggregateReference":"eyJ0eXAiOiJKV1QiLCJhbGciOiJIUzI1NiJ9.eyJzdGkiOjcwNzc1MiwicGFpIjoiZW5jb3JldGlja2V0cyIsInByaSI6ODYsInNpIjoiR1JBTkQgQ0lSQ0xFLUQtMjkifQ.M7lY4RMyCOBwkfwmZOxpLP5LWeon3nELyroeInWPLds","row":"D","number":29,"pricing":{"salePrice":[{"value":3600,"currency":"GBP","decimalPlaces":2}],"faceValue":[{"value":3000,"currency":"GBP","decimalPlaces":2}],"percentageDiscount":0,"includesBookingFee":true,"createdAt":"2021-09-20T22:11:43+0000","promotionLabel":null},"attributes":[{"title":"EndOfRow","description":"Seat at end of row","intention":"positive"},{"title":"ExtraLegRoom","description":"Extra legroom","intention":"positive"},{"title":"RestrictedView","description":"Restricted view","intention":"negative"}],"isRestrictedView":true}],"seatLumps":[{"seats":["GRAND_CIRCLE-D26","GRAND_CIRCLE-D27"]},{"seats":["GRAND_CIRCLE-D28","GRAND_CIRCLE-D29"]}]},{"groupIdentifier":"GRAND CIRCLE~E1;16","aggregateReference":null,"row":"E","mode":"allocated","seatNumberStart":1,"seatNumberEnd":16,"availableCount":16,"pricing":{"salePrice":[{"value":3600,"currency":"GBP","decimalPlaces":2}],"faceValue":[{"value":3000,"currency":"GBP","decimalPlaces":2}],"percentageDiscount":0,"includesBookingFee":true,"createdAt":"2021-09-20T22:11:43+0000","promotionLabel":null},"seats":[{"seatIdentifier":"GRAND_CIRCLE-E1","aggregateReference":"eyJ0eXAiOiJKV1QiLCJhbGciOiJIUzI1NiJ9.eyJzdGkiOjcwNzc1MiwicGFpIjoiZW5jb3JldGlja2V0cyIsInByaSI6ODYsInNpIjoiR1JBTkQgQ0lSQ0xFLUUtMSJ9.E095e2KY_L7cZJj2XJYO73-S5m6PElxQiAf9wVNPO1U","row":"E","number":1,"pricing":{"salePrice":[{"value":3600,"currency":"GBP","decimalPlaces":2}],"faceValue":[{"value":3000,"currency":"GBP","decimalPlaces":2}],"percentageDiscount":0,"includesBookingFee":true,"createdAt":"2021-09-20T22:11:43+0000","promotionLabel":null},"attributes":[{"title":"EndOfRow","description":"Seat at end of row","intention":"positive"}],"isRestrictedView":false},{"seatIdentifier":"GRAND_CIRCLE-E2","aggregateReference":"eyJ0eXAiOiJKV1QiLCJhbGciOiJIUzI1NiJ9.eyJzdGkiOjcwNzc1MiwicGFpIjoiZW5jb3JldGlja2V0cyIsInByaSI6ODYsInNpIjoiR1JBTkQgQ0lSQ0xFLUUtMiJ9.h-JyNzNW6QNB-v4gV-DaBi_oXEwOeBNcWpFMT878KTQ","row":"E","number":2,"pricing":{"salePrice":[{"value":3600,"currency":"GBP","decimalPlaces":2}],"faceValue":[{"value":3000,"currency":"GBP","decimalPlaces":2}],"percentageDiscount":0,"includesBookingFee":true,"createdAt":"2021-09-20T22:11:43+0000","promotionLabel":null},"attributes":[],"isRestrictedView":false},{"seatIdentifier":"GRAND_CIRCLE-E3","aggregateReference":"eyJ0eXAiOiJKV1QiLCJhbGciOiJIUzI1NiJ9.eyJzdGkiOjcwNzc1MiwicGFpIjoiZW5jb3JldGlja2V0cyIsInByaSI6ODYsInNpIjoiR1JBTkQgQ0lSQ0xFLUUtMyJ9.Qjkn4c3ofjB_bpJeTVcTB2qAvIuP4jSzncPs-5ZWbvM","row":"E","number":3,"pricing":{"salePrice":[{"value":3600,"currency":"GBP","decimalPlaces":2}],"faceValue":[{"value":3000,"currency":"GBP","decimalPlaces":2}],"percentageDiscount":0,"includesBookingFee":true,"createdAt":"2021-09-20T22:11:43+0000","promotionLabel":null},"attributes":[],"isRestrictedView":false},{"seatIdentifier":"GRAND_CIRCLE-E4","aggregateReference":"eyJ0eXAiOiJKV1QiLCJhbGciOiJIUzI1NiJ9.eyJzdGkiOjcwNzc1MiwicGFpIjoiZW5jb3JldGlja2V0cyIsInByaSI6ODYsInNpIjoiR1JBTkQgQ0lSQ0xFLUUtNCJ9.j9kovUMC5DSg2b4Ottsr27kOwbf6JVpsSL1qAhVjFmc","row":"E","number":4,"pricing":{"salePrice":[{"value":3600,"currency":"GBP","decimalPlaces":2}],"faceValue":[{"value":3000,"currency":"GBP","decimalPlaces":2}],"percentageDiscount":0,"includesBookingFee":true,"createdAt":"2021-09-20T22:11:43+0000","promotionLabel":null},"attributes":[],"isRestrictedView":false},{"seatIdentifier":"GRAND_CIRCLE-E5","aggregateReference":"eyJ0eXAiOiJKV1QiLCJhbGciOiJIUzI1NiJ9.eyJzdGkiOjcwNzc1MiwicGFpIjoiZW5jb3JldGlja2V0cyIsInByaSI6ODYsInNpIjoiR1JBTkQgQ0lSQ0xFLUUtNSJ9.YJn1dZCKvG79xWj1yAi9bfmTCP8gwYJfntTFLdxwyt0","row":"E","number":5,"pricing":{"salePrice":[{"value":3600,"currency":"GBP","decimalPlaces":2}],"faceValue":[{"value":3000,"currency":"GBP","decimalPlaces":2}],"percentageDiscount":0,"includesBookingFee":true,"createdAt":"2021-09-20T22:11:43+0000","promotionLabel":null},"attributes":[],"isRestrictedView":false},{"seatIdentifier":"GRAND_CIRCLE-E6","aggregateReference":"eyJ0eXAiOiJKV1QiLCJhbGciOiJIUzI1NiJ9.eyJzdGkiOjcwNzc1MiwicGFpIjoiZW5jb3JldGlja2V0cyIsInByaSI6ODYsInNpIjoiR1JBTkQgQ0lSQ0xFLUUtNiJ9._t76qxqSST6Xm17gQ8fBJiHYwCNYTLc0Rad_LqMAg4I","row":"E","number":6,"pricing":{"salePrice":[{"value":3600,"currency":"GBP","decimalPlaces":2}],"faceValue":[{"value":3000,"currency":"GBP","decimalPlaces":2}],"percentageDiscount":0,"includesBookingFee":true,"createdAt":"2021-09-20T22:11:43+0000","promotionLabel":null},"attributes":[],"isRestrictedView":false},{"seatIdentifier":"GRAND_CIRCLE-E7","aggregateReference":"eyJ0eXAiOiJKV1QiLCJhbGciOiJIUzI1NiJ9.eyJzdGkiOjcwNzc1MiwicGFpIjoiZW5jb3JldGlja2V0cyIsInByaSI6ODYsInNpIjoiR1JBTkQgQ0lSQ0xFLUUtNyJ9.agr3mWXL-oL0n3303s6_N9jB13koLiWxhFMho6Q1pok","row":"E","number":7,"pricing":{"salePrice":[{"value":3600,"currency":"GBP","decimalPlaces":2}],"faceValue":[{"value":3000,"currency":"GBP","decimalPlaces":2}],"percentageDiscount":0,"includesBookingFee":true,"createdAt":"2021-09-20T22:11:43+0000","promotionLabel":null},"attributes":[],"isRestrictedView":false},{"seatIdentifier":"GRAND_CIRCLE-E8","aggregateReference":"eyJ0eXAiOiJKV1QiLCJhbGciOiJIUzI1NiJ9.eyJzdGkiOjcwNzc1MiwicGFpIjoiZW5jb3JldGlja2V0cyIsInByaSI6ODYsInNpIjoiR1JBTkQgQ0lSQ0xFLUUtOCJ9.cdHt20qa1rE0DI-3T8SaVhp5b01nrS2AjNCijIWsSN0","row":"E","number":8,"pricing":{"salePrice":[{"value":3600,"currency":"GBP","decimalPlaces":2}],"faceValue":[{"value":3000,"currency":"GBP","decimalPlaces":2}],"percentageDiscount":0,"includesBookingFee":true,"createdAt":"2021-09-20T22:11:43+0000","promotionLabel":null},"attributes":[],"isRestrictedView":false},{"seatIdentifier":"GRAND_CIRCLE-E9","aggregateReference":"eyJ0eXAiOiJKV1QiLCJhbGciOiJIUzI1NiJ9.eyJzdGkiOjcwNzc1MiwicGFpIjoiZW5jb3JldGlja2V0cyIsInByaSI6ODYsInNpIjoiR1JBTkQgQ0lSQ0xFLUUtOSJ9.dE8Cw6Xd-N1XeQgeJl3748rEJ-2bMxTq7ynkFYIUlyg","row":"E","number":9,"pricing":{"salePrice":[{"value":3600,"currency":"GBP","decimalPlaces":2}],"faceValue":[{"value":3000,"currency":"GBP","decimalPlaces":2}],"percentageDiscount":0,"includesBookingFee":true,"createdAt":"2021-09-20T22:11:43+0000","promotionLabel":null},"attributes":[],"isRestrictedView":false},{"seatIdentifier":"GRAND_CIRCLE-E10","aggregateReference":"eyJ0eXAiOiJKV1QiLCJhbGciOiJIUzI1NiJ9.eyJzdGkiOjcwNzc1MiwicGFpIjoiZW5jb3JldGlja2V0cyIsInByaSI6ODYsInNpIjoiR1JBTkQgQ0lSQ0xFLUUtMTAifQ.bWvN0PHmO0Y32di5SR3XWBYBLMAIM4Hstg34oTWywuU","row":"E","number":10,"pricing":{"salePrice":[{"value":3600,"currency":"GBP","decimalPlaces":2}],"faceValue":[{"value":3000,"currency":"GBP","decimalPlaces":2}],"percentageDiscount":0,"includesBookingFee":true,"createdAt":"2021-09-20T22:11:43+0000","promotionLabel":null},"attributes":[],"isRestrictedView":false},{"seatIdentifier":"GRAND_CIRCLE-E11","aggregateReference":"eyJ0eXAiOiJKV1QiLCJhbGciOiJIUzI1NiJ9.eyJzdGkiOjcwNzc1MiwicGFpIjoiZW5jb3JldGlja2V0cyIsInByaSI6ODYsInNpIjoiR1JBTkQgQ0lSQ0xFLUUtMTEifQ.WgAWiQ9iZdD2TXBKsyUDkT6GwoqLdn8Il4A_0XWYbis","row":"E","number":11,"pricing":{"salePrice":[{"value":3600,"currency":"GBP","decimalPlaces":2}],"faceValue":[{"value":3000,"currency":"GBP","decimalPlaces":2}],"percentageDiscount":0,"includesBookingFee":true,"createdAt":"2021-09-20T22:11:43+0000","promotionLabel":null},"attributes":[],"isRestrictedView":false},{"seatIdentifier":"GRAND_CIRCLE-E12","aggregateReference":"eyJ0eXAiOiJKV1QiLCJhbGciOiJIUzI1NiJ9.eyJzdGkiOjcwNzc1MiwicGFpIjoiZW5jb3JldGlja2V0cyIsInByaSI6ODYsInNpIjoiR1JBTkQgQ0lSQ0xFLUUtMTIifQ.TlG290EHtgQommxjLxqOZlGYPDPy9suJjaWOpWNB7Qg","row":"E","number":12,"pricing":{"salePrice":[{"value":3600,"currency":"GBP","decimalPlaces":2}],"faceValue":[{"value":3000,"currency":"GBP","decimalPlaces":2}],"percentageDiscount":0,"includesBookingFee":true,"createdAt":"2021-09-20T22:11:43+0000","promotionLabel":null},"attributes":[],"isRestrictedView":false},{"seatIdentifier":"GRAND_CIRCLE-E13","aggregateReference":"eyJ0eXAiOiJKV1QiLCJhbGciOiJIUzI1NiJ9.eyJzdGkiOjcwNzc1MiwicGFpIjoiZW5jb3JldGlja2V0cyIsInByaSI6ODYsInNpIjoiR1JBTkQgQ0lSQ0xFLUUtMTMifQ.Cc6b2hbPpAG98o4vn6F7RdSOhP7c6x-_6_mv4-kYAfg","row":"E","number":13,"pricing":{"salePrice":[{"value":3600,"currency":"GBP","decimalPlaces":2}],"faceValue":[{"value":3000,"currency":"GBP","decimalPlaces":2}],"percentageDiscount":0,"includesBookingFee":true,"createdAt":"2021-09-20T22:11:43+0000","promotionLabel":null},"attributes":[],"isRestrictedView":false},{"seatIdentifier":"GRAND_CIRCLE-E14","aggregateReference":"eyJ0eXAiOiJKV1QiLCJhbGciOiJIUzI1NiJ9.eyJzdGkiOjcwNzc1MiwicGFpIjoiZW5jb3JldGlja2V0cyIsInByaSI6ODYsInNpIjoiR1JBTkQgQ0lSQ0xFLUUtMTQifQ.LZ_zoIaK3JKFzJli_Sly8zOhSeNA2Ame9o_VuDhp-Bw","row":"E","number":14,"pricing":{"salePrice":[{"value":3600,"currency":"GBP","decimalPlaces":2}],"faceValue":[{"value":3000,"currency":"GBP","decimalPlaces":2}],"percentageDiscount":0,"includesBookingFee":true,"createdAt":"2021-09-20T22:11:43+0000","promotionLabel":null},"attributes":[],"isRestrictedView":false},{"seatIdentifier":"GRAND_CIRCLE-E15","aggregateReference":"eyJ0eXAiOiJKV1QiLCJhbGciOiJIUzI1NiJ9.eyJzdGkiOjcwNzc1MiwicGFpIjoiZW5jb3JldGlja2V0cyIsInByaSI6ODYsInNpIjoiR1JBTkQgQ0lSQ0xFLUUtMTUifQ.A-tQfQluMvhGAys4VfDa_5UAHCpNi5o92RC0i-mKJlo","row":"E","number":15,"pricing":{"salePrice":[{"value":3600,"currency":"GBP","decimalPlaces":2}],"faceValue":[{"value":3000,"currency":"GBP","decimalPlaces":2}],"percentageDiscount":0,"includesBookingFee":true,"createdAt":"2021-09-20T22:11:43+0000","promotionLabel":null},"attributes":[],"isRestrictedView":false},{"seatIdentifier":"GRAND_CIRCLE-E16","aggregateReference":"eyJ0eXAiOiJKV1QiLCJhbGciOiJIUzI1NiJ9.eyJzdGkiOjcwNzc1MiwicGFpIjoiZW5jb3JldGlja2V0cyIsInByaSI6ODYsInNpIjoiR1JBTkQgQ0lSQ0xFLUUtMTYifQ.B74qjjlMi96Mqlc-xShItxdd1Q_A768Om64G_Ahwyd8","row":"E","number":16,"pricing":{"salePrice":[{"value":3600,"currency":"GBP","decimalPlaces":2}],"faceValue":[{"value":3000,"currency":"GBP","decimalPlaces":2}],"percentageDiscount":0,"includesBookingFee":true,"createdAt":"2021-09-20T22:11:43+0000","promotionLabel":null},"attributes":[],"isRestrictedView":false}],"seatLumps":[{"seats":["GRAND_CIRCLE-E1","GRAND_CIRCLE-E2"]},{"seats":["GRAND_CIRCLE-E3","GRAND_CIRCLE-E4"]},{"seats":["GRAND_CIRCLE-E4","GRAND_CIRCLE-E5"]},{"seats":["GRAND_CIRCLE-E5","GRAND_CIRCLE-E6"]},{"seats":["GRAND_CIRCLE-E6","GRAND_CIRCLE-E7"]},{"seats":["GRAND_CIRCLE-E7","GRAND_CIRCLE-E8"]},{"seats":["GRAND_CIRCLE-E8","GRAND_CIRCLE-E9"]},{"seats":["GRAND_CIRCLE-E9","GRAND_CIRCLE-E10"]},{"seats":["GRAND_CIRCLE-E10","GRAND_CIRCLE-E11"]},{"seats":["GRAND_CIRCLE-E11","GRAND_CIRCLE-E12"]},{"seats":["GRAND_CIRCLE-E12","GRAND_CIRCLE-E13"]},{"seats":["GRAND_CIRCLE-E13","GRAND_CIRCLE-E14"]},{"seats":["GRAND_CIRCLE-E15","GRAND_CIRCLE-E16"]}]},{"groupIdentifier":"GRAND CIRCLE~E19;30","aggregateReference":null,"row":"E","mode":"allocated","seatNumberStart":19,"seatNumberEnd":30,"availableCount":12,"pricing":{"salePrice":[{"value":3600,"currency":"GBP","decimalPlaces":2}],"faceValue":[{"value":3000,"currency":"GBP","decimalPlaces":2}],"percentageDiscount":0,"includesBookingFee":true,"createdAt":"2021-09-20T22:11:43+0000","promotionLabel":null},"seats":[{"seatIdentifier":"GRAND_CIRCLE-E19","aggregateReference":"eyJ0eXAiOiJKV1QiLCJhbGciOiJIUzI1NiJ9.eyJzdGkiOjcwNzc1MiwicGFpIjoiZW5jb3JldGlja2V0cyIsInByaSI6ODYsInNpIjoiR1JBTkQgQ0lSQ0xFLUUtMTkifQ.VWw9SCmy_esH5-njV0HVWifvUHc0fvVpeYrCAMLWhzE","row":"E","number":19,"pricing":{"salePrice":[{"value":3600,"currency":"GBP","decimalPlaces":2}],"faceValue":[{"value":3000,"currency":"GBP","decimalPlaces":2}],"percentageDiscount":0,"includesBookingFee":true,"createdAt":"2021-09-20T22:11:43+0000","promotionLabel":null},"attributes":[],"isRestrictedView":false},{"seatIdentifier":"GRAND_CIRCLE-E20","aggregateReference":"eyJ0eXAiOiJKV1QiLCJhbGciOiJIUzI1NiJ9.eyJzdGkiOjcwNzc1MiwicGFpIjoiZW5jb3JldGlja2V0cyIsInByaSI6ODYsInNpIjoiR1JBTkQgQ0lSQ0xFLUUtMjAifQ.lKDcvHnPiq6kTZKrWX1bMbanaIhYiSDNBv5_bsmh1iQ","row":"E","number":20,"pricing":{"salePrice":[{"value":3600,"currency":"GBP","decimalPlaces":2}],"faceValue":[{"value":3000,"currency":"GBP","decimalPlaces":2}],"percentageDiscount":0,"includesBookingFee":true,"createdAt":"2021-09-20T22:11:43+0000","promotionLabel":null},"attributes":[],"isRestrictedView":false},{"seatIdentifier":"GRAND_CIRCLE-E21","aggregateReference":"eyJ0eXAiOiJKV1QiLCJhbGciOiJIUzI1NiJ9.eyJzdGkiOjcwNzc1MiwicGFpIjoiZW5jb3JldGlja2V0cyIsInByaSI6ODYsInNpIjoiR1JBTkQgQ0lSQ0xFLUUtMjEifQ.4l1lF9PWkSwIKXtB6x6Pfm18YW-oEhm5uzD0SnI7-qg","row":"E","number":21,"pricing":{"salePrice":[{"value":3600,"currency":"GBP","decimalPlaces":2}],"faceValue":[{"value":3000,"currency":"GBP","decimalPlaces":2}],"percentageDiscount":0,"includesBookingFee":true,"createdAt":"2021-09-20T22:11:43+0000","promotionLabel":null},"attributes":[],"isRestrictedView":false},{"seatIdentifier":"GRAND_CIRCLE-E22","aggregateReference":"eyJ0eXAiOiJKV1QiLCJhbGciOiJIUzI1NiJ9.eyJzdGkiOjcwNzc1MiwicGFpIjoiZW5jb3JldGlja2V0cyIsInByaSI6ODYsInNpIjoiR1JBTkQgQ0lSQ0xFLUUtMjIifQ.M1_OudxYQqH70d5l6PkhthXrPb_hB6WQ-wtSElju0Uc","row":"E","number":22,"pricing":{"salePrice":[{"value":3600,"currency":"GBP","decimalPlaces":2}],"faceValue":[{"value":3000,"currency":"GBP","decimalPlaces":2}],"percentageDiscount":0,"includesBookingFee":true,"createdAt":"2021-09-20T22:11:43+0000","promotionLabel":null},"attributes":[],"isRestrictedView":false},{"seatIdentifier":"GRAND_CIRCLE-E23","aggregateReference":"eyJ0eXAiOiJKV1QiLCJhbGciOiJIUzI1NiJ9.eyJzdGkiOjcwNzc1MiwicGFpIjoiZW5jb3JldGlja2V0cyIsInByaSI6ODYsInNpIjoiR1JBTkQgQ0lSQ0xFLUUtMjMifQ.JEWrCZjr-GybuwtG0_4xvFvDGF4cQ6te_LvwL5li2lk","row":"E","number":23,"pricing":{"salePrice":[{"value":3600,"currency":"GBP","decimalPlaces":2}],"faceValue":[{"value":3000,"currency":"GBP","decimalPlaces":2}],"percentageDiscount":0,"includesBookingFee":true,"createdAt":"2021-09-20T22:11:43+0000","promotionLabel":null},"attributes":[],"isRestrictedView":false},{"seatIdentifier":"GRAND_CIRCLE-E24","aggregateReference":"eyJ0eXAiOiJKV1QiLCJhbGciOiJIUzI1NiJ9.eyJzdGkiOjcwNzc1MiwicGFpIjoiZW5jb3JldGlja2V0cyIsInByaSI6ODYsInNpIjoiR1JBTkQgQ0lSQ0xFLUUtMjQifQ.ss02ON_DZ5m9us1ae4aKizT02I4jRDuMmo0D8r6fO3s","row":"E","number":24,"pricing":{"salePrice":[{"value":3600,"currency":"GBP","decimalPlaces":2}],"faceValue":[{"value":3000,"currency":"GBP","decimalPlaces":2}],"percentageDiscount":0,"includesBookingFee":true,"createdAt":"2021-09-20T22:11:43+0000","promotionLabel":null},"attributes":[],"isRestrictedView":false},{"seatIdentifier":"GRAND_CIRCLE-E25","aggregateReference":"eyJ0eXAiOiJKV1QiLCJhbGciOiJIUzI1NiJ9.eyJzdGkiOjcwNzc1MiwicGFpIjoiZW5jb3JldGlja2V0cyIsInByaSI6ODYsInNpIjoiR1JBTkQgQ0lSQ0xFLUUtMjUifQ.cGYDy6MxPIBWkkQ7U_qKD237OVFxBCM1XsACUoYrxbA","row":"E","number":25,"pricing":{"salePrice":[{"value":3600,"currency":"GBP","decimalPlaces":2}],"faceValue":[{"value":3000,"currency":"GBP","decimalPlaces":2}],"percentageDiscount":0,"includesBookingFee":true,"createdAt":"2021-09-20T22:11:43+0000","promotionLabel":null},"attributes":[],"isRestrictedView":false},{"seatIdentifier":"GRAND_CIRCLE-E26","aggregateReference":"eyJ0eXAiOiJKV1QiLCJhbGciOiJIUzI1NiJ9.eyJzdGkiOjcwNzc1MiwicGFpIjoiZW5jb3JldGlja2V0cyIsInByaSI6ODYsInNpIjoiR1JBTkQgQ0lSQ0xFLUUtMjYifQ.STyXQ9U_uM_x-V8GO7e_wWzHJGtyUiFEy26OErh1v_0","row":"E","number":26,"pricing":{"salePrice":[{"value":3600,"currency":"GBP","decimalPlaces":2}],"faceValue":[{"value":3000,"currency":"GBP","decimalPlaces":2}],"percentageDiscount":0,"includesBookingFee":true,"createdAt":"2021-09-20T22:11:43+0000","promotionLabel":null},"attributes":[],"isRestrictedView":false},{"seatIdentifier":"GRAND_CIRCLE-E27","aggregateReference":"eyJ0eXAiOiJKV1QiLCJhbGciOiJIUzI1NiJ9.eyJzdGkiOjcwNzc1MiwicGFpIjoiZW5jb3JldGlja2V0cyIsInByaSI6ODYsInNpIjoiR1JBTkQgQ0lSQ0xFLUUtMjcifQ.ZFhI_yGDXIEFeXVpLCIkRtYxjGMdwRvnfA11aRn2t5w","row":"E","number":27,"pricing":{"salePrice":[{"value":3600,"currency":"GBP","decimalPlaces":2}],"faceValue":[{"value":3000,"currency":"GBP","decimalPlaces":2}],"percentageDiscount":0,"includesBookingFee":true,"createdAt":"2021-09-20T22:11:43+0000","promotionLabel":null},"attributes":[],"isRestrictedView":false},{"seatIdentifier":"GRAND_CIRCLE-E28","aggregateReference":"eyJ0eXAiOiJKV1QiLCJhbGciOiJIUzI1NiJ9.eyJzdGkiOjcwNzc1MiwicGFpIjoiZW5jb3JldGlja2V0cyIsInByaSI6ODYsInNpIjoiR1JBTkQgQ0lSQ0xFLUUtMjgifQ.1YOugV27wPtpClVlec7C10Hl7DeaNJNxSPjYCSNgoq8","row":"E","number":28,"pricing":{"salePrice":[{"value":3600,"currency":"GBP","decimalPlaces":2}],"faceValue":[{"value":3000,"currency":"GBP","decimalPlaces":2}],"percentageDiscount":0,"includesBookingFee":true,"createdAt":"2021-09-20T22:11:43+0000","promotionLabel":null},"attributes":[],"isRestrictedView":false},{"seatIdentifier":"GRAND_CIRCLE-E29","aggregateReference":"eyJ0eXAiOiJKV1QiLCJhbGciOiJIUzI1NiJ9.eyJzdGkiOjcwNzc1MiwicGFpIjoiZW5jb3JldGlja2V0cyIsInByaSI6ODYsInNpIjoiR1JBTkQgQ0lSQ0xFLUUtMjkifQ.3tTqVYWgoJjOM27SfJFm_q4PJKCVjV44TOYPcm3Y47s","row":"E","number":29,"pricing":{"salePrice":[{"value":3600,"currency":"GBP","decimalPlaces":2}],"faceValue":[{"value":3000,"currency":"GBP","decimalPlaces":2}],"percentageDiscount":0,"includesBookingFee":true,"createdAt":"2021-09-20T22:11:43+0000","promotionLabel":null},"attributes":[],"isRestrictedView":false},{"seatIdentifier":"GRAND_CIRCLE-E30","aggregateReference":"eyJ0eXAiOiJKV1QiLCJhbGciOiJIUzI1NiJ9.eyJzdGkiOjcwNzc1MiwicGFpIjoiZW5jb3JldGlja2V0cyIsInByaSI6ODYsInNpIjoiR1JBTkQgQ0lSQ0xFLUUtMzAifQ.UCnHMbSalLeIeuZoHvyslzdjdwmCrfqYJwGhDezb6_M","row":"E","number":30,"pricing":{"salePrice":[{"value":3600,"currency":"GBP","decimalPlaces":2}],"faceValue":[{"value":3000,"currency":"GBP","decimalPlaces":2}],"percentageDiscount":0,"includesBookingFee":true,"createdAt":"2021-09-20T22:11:43+0000","promotionLabel":null},"attributes":[{"title":"EndOfRow","description":"Seat at end of row","intention":"positive"}],"isRestrictedView":false}],"seatLumps":[{"seats":["GRAND_CIRCLE-E19","GRAND_CIRCLE-E20"]},{"seats":["GRAND_CIRCLE-E21","GRAND_CIRCLE-E22"]},{"seats":["GRAND_CIRCLE-E22","GRAND_CIRCLE-E23"]},{"seats":["GRAND_CIRCLE-E23","GRAND_CIRCLE-E24"]},{"seats":["GRAND_CIRCLE-E24","GRAND_CIRCLE-E25"]},{"seats":["GRAND_CIRCLE-E25","GRAND_CIRCLE-E26"]},{"seats":["GRAND_CIRCLE-E26","GRAND_CIRCLE-E27"]},{"seats":["GRAND_CIRCLE-E27","GRAND_CIRCLE-E28"]},{"seats":["GRAND_CIRCLE-E29","GRAND_CIRCLE-E30"]}]},{"groupIdentifier":"GRAND CIRCLE~F1;29","aggregateReference":null,"row":"F","mode":"allocated","seatNumberStart":1,"seatNumberEnd":29,"availableCount":29,"pricing":{"salePrice":[{"value":3600,"currency":"GBP","decimalPlaces":2}],"faceValue":[{"value":3000,"currency":"GBP","decimalPlaces":2}],"percentageDiscount":0,"includesBookingFee":true,"createdAt":"2021-09-20T22:11:43+0000","promotionLabel":null},"seats":[{"seatIdentifier":"GRAND_CIRCLE-F1","aggregateReference":"eyJ0eXAiOiJKV1QiLCJhbGciOiJIUzI1NiJ9.eyJzdGkiOjcwNzc1MiwicGFpIjoiZW5jb3JldGlja2V0cyIsInByaSI6ODYsInNpIjoiR1JBTkQgQ0lSQ0xFLUYtMSJ9.mHWLuh3PYmAArerWeOmUnLuzaFgpesg5C17e4rTnOt0","row":"F","number":1,"pricing":{"salePrice":[{"value":3600,"currency":"GBP","decimalPlaces":2}],"faceValue":[{"value":3000,"currency":"GBP","decimalPlaces":2}],"percentageDiscount":0,"includesBookingFee":true,"createdAt":"2021-09-20T22:11:43+0000","promotionLabel":null},"attributes":[{"title":"EndOfRow","description":"Seat at end of row","intention":"positive"}],"isRestrictedView":false},{"se
[...]
pIdentifier":"DRESS CIRCLE~F1;12","aggregateReference":null,"row":"F","mode":"allocated","seatNumberStart":1,"seatNumberEnd":12,"availableCount":12,"pricing":{"salePrice":[{"value":9000,"currency":"GBP","decimalPlaces":2}],"faceValue":[{"value":7500,"currency":"GBP","decimalPlaces":2}],"percentageDiscount":0,"includesBookingFee":true,"createdAt":"2021-09-20T22:11:43+0000","promotionLabel":null},"seats":[{"seatIdentifier":"DRESS_CIRCLE-F1","aggregateReference":"eyJ0eXAiOiJKV1QiLCJhbGciOiJIUzI1NiJ9.eyJzdGkiOjcwNzc1MiwicGFpIjoiZW5jb3JldGlja2V0cyIsInByaSI6ODYsInNpIjoiRFJFU1MgQ0lSQ0xFLUYtMSJ9.ezMr0Y6xqHm7CvSDTstgLA1zNSZzeu3OtDRXbAYyRIs","row":"F","number":1,"pricing":{"salePrice":[{"value":9000,"currency":"GBP","decimalPlaces":2}],"faceValue":[{"value":7500,"currency":"GBP","decimalPlaces":2}],"percentageDiscount":0,"includesBookingFee":true,"createdAt":"2021-09-20T22:11:43+0000","promotionLabel":null},"attributes":[{"title":"EndOfRow","description":"Seat at end of row","intention":"positive"}],"isRestrictedView":false},{"seatIdentifier":"DRESS_CIRCLE-F2","aggregateReference":"eyJ0eXAiOiJKV1QiLCJhbGciOiJIUzI1NiJ9.eyJzdGkiOjcwNzc1MiwicGFpIjoiZW5jb3JldGlja2V0cyIsInByaSI6ODYsInNpIjoiRFJFU1MgQ0lSQ0xFLUYtMiJ9.UDq3F7wUJzX8UlOlJjKeI-bCXilch5FlcSwhgi2lxfc","row":"F","number":2,"pricing":{"salePrice":[{"value":9000,"currency":"GBP","decimalPlaces":2}],"faceValue":[{"value":7500,"currency":"GBP","decimalPlaces":2}],"percentageDiscount":0,"includesBookingFee":true,"createdAt":"2021-09-20T22:11:43+0000","promotionLabel":null},"attributes":[],"isRestrictedView":false},{"seatIdentifier":"DRESS_CIRCLE-F3","aggregateReference":"eyJ0eXAiOiJKV1QiLCJhbGciOiJIUzI1NiJ9.eyJzdGkiOjcwNzc1MiwicGFpIjoiZW5jb3JldGlja2V0cyIsInByaSI6ODYsInNpIjoiRFJFU1MgQ0lSQ0xFLUYtMyJ9.xoFBw74q3S_ef9Uwm7ggqtjA0YMJfI6I2FKStw_4IKI","row":"F","number":3,"pricing":{"salePrice":[{"value":9000,"currency":"GBP","decimalPlaces":2}],"faceValue":[{"value":7500,"currency":"GBP","decimalPlaces":2}],"percentageDiscount":0,"includesBookingFee":true,"createdAt":"2021-09-20T22:11:43+0000","promotionLabel":null},"attributes":[],"isRestrictedView":false},{"seatIdentifier":"DRESS_CIRCLE-F4","aggregateReference":"eyJ0eXAiOiJKV1QiLCJhbGciOiJIUzI1NiJ9.eyJzdGkiOjcwNzc1MiwicGFpIjoiZW5jb3JldGlja2V0cyIsInByaSI6ODYsInNpIjoiRFJFU1MgQ0lSQ0xFLUYtNCJ9.ix_pVhaFzV4DwxZyi2yOeAPInK_cWYC5eyVwAx3Facw","row":"F","number":4,"pricing":{"salePrice":[{"value":9000,"currency":"GBP","decimalPlaces":2}],"faceValue":[{"value":7500,"currency":"GBP","decimalPlaces":2}],"percentageDiscount":0,"includesBookingFee":true,"createdAt":"2021-09-20T22:11:43+0000","promotionLabel":null},"attributes":[],"isRestrictedView":false},{"seatIdentifier":"DRESS_CIRCLE-F5","aggregateReference":"eyJ0eXAiOiJKV1QiLCJhbGciOiJIUzI1NiJ9.eyJzdGkiOjcwNzc1MiwicGFpIjoiZW5jb3JldGlja2V0cyIsInByaSI6ODYsInNpIjoiRFJFU1MgQ0lSQ0xFLUYtNSJ9.VAGLFF6XnY8NMoeL7QBTIKA-BSUTrCAK9WQ-T7VwYoY","row":"F","number":5,"pricing":{"salePrice":[{"value":9000,"currency":"GBP","decimalPlaces":2}],"faceValue":[{"value":7500,"currency":"GBP","decimalPlaces":2}],"percentageDiscount":0,"includesBookingFee":true,"createdAt":"2021-09-20T22:11:43+0000","promotionLabel":null},"attributes":[],"isRestrictedView":false},{"seatIdentifier":"DRESS_CIRCLE-F6","aggregateReference":"eyJ0eXAiOiJKV1QiLCJhbGciOiJIUzI1NiJ9.eyJzdGkiOjcwNzc1MiwicGFpIjoiZW5jb3JldGlja2V0cyIsInByaSI6ODYsInNpIjoiRFJFU1MgQ0lSQ0xFLUYtNiJ9.FfcLRn_IaEDhT4iyiNm0nt0_HTpGS_zufyqniLCmOgQ","row":"F","number":6,"pricing":{"salePrice":[{"value":9000,"currency":"GBP","decimalPlaces":2}],"faceValue":[{"value":7500,"currency":"GBP","decimalPlaces":2}],"percentageDiscount":0,"includesBookingFee":true,"createdAt":"2021-09-20T22:11:43+0000","promotionLabel":null},"attributes":[],"isRestrictedView":false},{"seatIdentifier":"DRESS_CIRCLE-F7","aggregateReference":"eyJ0eXAiOiJKV1QiLCJhbGciOiJIUzI1NiJ9.eyJzdGkiOjcwNzc1MiwicGFpIjoiZW5jb3JldGlja2V0cyIsInByaSI6ODYsInNpIjoiRFJFU1MgQ0lSQ0xFLUYtNyJ9.kD4M9dzq81VJ_U4KOMXa0J2gMlYb5ssToKqyr6PuMnc","row":"F","number":7,"pricing":{"salePrice":[{"value":9000,"currency":"GBP","decimalPlaces":2}],"faceValue":[{"value":7500,"currency":"GBP","decimalPlaces":2}],"percentageDiscount":0,"includesBookingFee":true,"createdAt":"2021-09-20T22:11:43+0000","promotionLabel":null},"attributes":[],"isRestrictedView":false},{"seatIdentifier":"DRESS_CIRCLE-F8","aggregateReference":"eyJ0eXAiOiJKV1QiLCJhbGciOiJIUzI1NiJ9.eyJzdGkiOjcwNzc1MiwicGFpIjoiZW5jb3JldGlja2V0cyIsInByaSI6ODYsInNpIjoiRFJFU1MgQ0lSQ0xFLUYtOCJ9.Nh37b2AzQd72u4tCvhcM1Pxw-7aPLyxhuLOKaxP4_2w","row":"F","number":8,"pricing":{"salePrice":[{"value":9000,"currency":"GBP","decimalPlaces":2}],"faceValue":[{"value":7500,"currency":"GBP","decimalPlaces":2}],"percentageDiscount":0,"includesBookingFee":true,"createdAt":"2021-09-20T22:11:43+0000","promotionLabel":null},"attributes":[],"isRestrictedView":false},{"seatIdentifier":"DRESS_CIRCLE-F9","aggregateReference":"eyJ0eXAiOiJKV1QiLCJhbGciOiJIUzI1NiJ9.eyJzdGkiOjcwNzc1MiwicGFpIjoiZW5jb3JldGlja2V0cyIsInByaSI6ODYsInNpIjoiRFJFU1MgQ0lSQ0xFLUYtOSJ9.0R_cs8RFvCHd-8SJysNpowirYDB7EobZ7RUMm7EAH2I","row":"F","number":9,"pricing":{"salePrice":[{"value":9000,"currency":"GBP","decimalPlaces":2}],"faceValue":[{"value":7500,"currency":"GBP","decimalPlaces":2}],"percentageDiscount":0,"includesBookingFee":true,"createdAt":"2021-09-20T22:11:43+0000","promotionLabel":null},"attributes":[],"isRestrictedView":false},{"seatIdentifier":"DRESS_CIRCLE-F10","aggregateReference":"eyJ0eXAiOiJKV1QiLCJhbGciOiJIUzI1NiJ9.eyJzdGkiOjcwNzc1MiwicGFpIjoiZW5jb3JldGlja2V0cyIsInByaSI6ODYsInNpIjoiRFJFU1MgQ0lSQ0xFLUYtMTAifQ.PtVeOfU5tefAz0Vww0kALWnU5N5lJ4avVVXumhmFBhw","row":"F","number":10,"pricing":{"salePrice":[{"value":9000,"currency":"GBP","decimalPlaces":2}],"faceValue":[{"value":7500,"currency":"GBP","decimalPlaces":2}],"percentageDiscount":0,"includesBookingFee":true,"createdAt":"2021-09-20T22:11:43+0000","promotionLabel":null},"attributes":[],"isRestrictedView":false},{"seatIdentifier":"DRESS_CIRCLE-F11","aggregateReference":"eyJ0eXAiOiJKV1QiLCJhbGciOiJIUzI1NiJ9.eyJzdGkiOjcwNzc1MiwicGFpIjoiZW5jb3JldGlja2V0cyIsInByaSI6ODYsInNpIjoiRFJFU1MgQ0lSQ0xFLUYtMTEifQ.oBAXrXiCyY2FF6UI528g7yNGzTyCcrOIzyWc02qWmFM","row":"F","number":11,"pricing":{"salePrice":[{"value":9000,"currency":"GBP","decimalPlaces":2}],"faceValue":[{"value":7500,"currency":"GBP","decimalPlaces":2}],"percentageDiscount":0,"includesBookingFee":true,"createdAt":"2021-09-20T22:11:43+0000","promotionLabel":null},"attributes":[],"isRestrictedView":false},{"seatIdentifier":"DRESS_CIRCLE-F12","aggregateReference":"eyJ0eXAiOiJKV1QiLCJhbGciOiJIUzI1NiJ9.eyJzdGkiOjcwNzc1MiwicGFpIjoiZW5jb3JldGlja2V0cyIsInByaSI6ODYsInNpIjoiRFJFU1MgQ0lSQ0xFLUYtMTIifQ.LqmTQX1kuu9vdg6eHAmEJlSN3KKO1NJMUtOu6mSWGAw","row":"F","number":12,"pricing":{"salePrice":[{"value":9000,"currency":"GBP","decimalPlaces":2}],"faceValue":[{"value":7500,"currency":"GBP","decimalPlaces":2}],"percentageDiscount":0,"includesBookingFee":true,"createdAt":"2021-09-20T22:11:43+0000","promotionLabel":null},"attributes":[],"isRestrictedView":false}],"seatLumps":[{"seats":["DRESS_CIRCLE-F1","DRESS_CIRCLE-F2"]},{"seats":["DRESS_CIRCLE-F3","DRESS_CIRCLE-F4"]},{"seats":["DRESS_CIRCLE-F4","DRESS_CIRCLE-F5"]},{"seats":["DRESS_CIRCLE-F5","DRESS_CIRCLE-F6"]},{"seats":["DRESS_CIRCLE-F6","DRESS_CIRCLE-F7"]},{"seats":["DRESS_CIRCLE-F7","DRESS_CIRCLE-F8"]},{"seats":["DRESS_CIRCLE-F8","DRESS_CIRCLE-F9"]},{"seats":["DRESS_CIRCLE-F9","DRESS_CIRCLE-F10"]},{"seats":["DRESS_CIRCLE-F11","DRESS_CIRCLE-F12"]}]},{"groupIdentifier":"DRESS CIRCLE~F17;27","aggregateReference":null,"row":"F","mode":"allocated","seatNumberStart":17,"seatNumberEnd":27,"availableCount":11,"pricing":{"salePrice":[{"value":9000,"currency":"GBP","decimalPlaces":2}],"faceValue":[{"value":7500,"currency":"GBP","decimalPlaces":2}],"percentageDiscount":0,"includesBookingFee":true,"createdAt":"2021-09-20T22:11:43+0000","promotionLabel":null},"seats":[{"seatIdentifier":"DRESS_CIRCLE-F17","aggregateReference":"eyJ0eXAiOiJKV1QiLCJhbGciOiJIUzI1NiJ9.eyJzdGkiOjcwNzc1MiwicGFpIjoiZW5jb3JldGlja2V0cyIsInByaSI6ODYsInNpIjoiRFJFU1MgQ0lSQ0xFLUYtMTcifQ.OQ-k2E1LlLMf3A-tfkPQBQKYS9FducoZQzo_8v8YT6s","row":"F","number":17,"pricing":{"salePrice":[{"value":9000,"currency":"GBP","decimalPlaces":2}],"faceValue":[{"value":7500,"currency":"GBP","decimalPlaces":2}],"percentageDiscount":0,"includesBookingFee":true,"createdAt":"2021-09-20T22:11:43+0000","promotionLabel":null},"attributes":[],"isRestrictedView":false},{"seatIdentifier":"DRESS_CIRCLE-F18","aggregateReference":"eyJ0eXAiOiJKV1QiLCJhbGciOiJIUzI1NiJ9.eyJzdGkiOjcwNzc1MiwicGFpIjoiZW5jb3JldGlja2V0cyIsInByaSI6ODYsInNpIjoiRFJFU1MgQ0lSQ0xFLUYtMTgifQ.KZppKzh31kbkMp_KOTPN5FkIAPu8nqGRXGOpR2QF80U","row":"F","number":18,"pricing":{"salePrice":[{"value":9000,"currency":"GBP","decimalPlaces":2}],"faceValue":[{"value":7500,"currency":"GBP","decimalPlaces":2}],"percentageDiscount":0,"includesBookingFee":true,"createdAt":"2021-09-20T22:11:43+0000","promotionLabel":null},"attributes":[],"isRestrictedView":false},{"seatIdentifier":"DRESS_CIRCLE-F19","aggregateReference":"eyJ0eXAiOiJKV1QiLCJhbGciOiJIUzI1NiJ9.eyJzdGkiOjcwNzc1MiwicGFpIjoiZW5jb3JldGlja2V0cyIsInByaSI6ODYsInNpIjoiRFJFU1MgQ0lSQ0xFLUYtMTkifQ.Sg_1BL7jwhB21G2mBypWbKvhghf_qSMl41tfPDUY6Lk","row":"F","number":19,"pricing":{"salePrice":[{"value":9000,"currency":"GBP","decimalPlaces":2}],"faceValue":[{"value":7500,"currency":"GBP","decimalPlaces":2}],"percentageDiscount":0,"includesBookingFee":true,"createdAt":"2021-09-20T22:11:43+0000","promotionLabel":null},"attributes":[],"isRestrictedView":false},{"seatIdentifier":"DRESS_CIRCLE-F20","aggregateReference":"eyJ0eXAiOiJKV1QiLCJhbGciOiJIUzI1NiJ9.eyJzdGkiOjcwNzc1MiwicGFpIjoiZW5jb3JldGlja2V0cyIsInByaSI6ODYsInNpIjoiRFJFU1MgQ0lSQ0xFLUYtMjAifQ.jDjDV27IYVBU7TKv4EdXYowAQ1bI_7654LX_UiGN7bU","row":"F","number":20,"pricing":{"salePrice":[{"value":9000,"currency":"GBP","decimalPlaces":2}],"faceValue":[{"value":7500,"currency":"GBP","decimalPlaces":2}],"percentageDiscount":0,"includesBookingFee":true,"createdAt":"2021-09-20T22:11:43+0000","promotionLabel":null},"attributes":[],"isRestrictedView":false},{"seatIdentifier":"DRESS_CIRCLE-F21","aggregateReference":"eyJ0eXAiOiJKV1QiLCJhbGciOiJIUzI1NiJ9.eyJzdGkiOjcwNzc1MiwicGFpIjoiZW5jb3JldGlja2V0cyIsInByaSI6ODYsInNpIjoiRFJFU1MgQ0lSQ0xFLUYtMjEifQ.m0ycJIW6NhOmMHMi8eVuZynbXb05Z4yA7IL7q3Ir_FQ","row":"F","number":21,"pricing":{"salePrice":[{"value":9000,"currency":"GBP","decimalPlaces":2}],"faceValue":[{"value":7500,"currency":"GBP","decimalPlaces":2}],"percentageDiscount":0,"includesBookingFee":true,"createdAt":"2021-09-20T22:11:43+0000","promotionLabel":null},"attributes":[],"isRestrictedView":false},{"seatIdentifier":"DRESS_CIRCLE-F22","aggregateReference":"eyJ0eXAiOiJKV1QiLCJhbGciOiJIUzI1NiJ9.eyJzdGkiOjcwNzc1MiwicGFpIjoiZW5jb3JldGlja2V0cyIsInByaSI6ODYsInNpIjoiRFJFU1MgQ0lSQ0xFLUYtMjIifQ.uHGS94uNO2osRhNWKE99bRBmmEg8Hu3OzMewxO95eKA","row":"F","number":22,"pricing":{"salePrice":[{"value":9000,"currency":"GBP","decimalPlaces":2}],"faceValue":[{"value":7500,"currency":"GBP","decimalPlaces":2}],"percentageDiscount":0,"includesBookingFee":true,"createdAt":"2021-09-20T22:11:43+0000","promotionLabel":null},"attributes":[],"isRestrictedView":false},{"seatIdentifier":"DRESS_CIRCLE-F23","aggregateReference":"eyJ0eXAiOiJKV1QiLCJhbGciOiJIUzI1NiJ9.eyJzdGkiOjcwNzc1MiwicGFpIjoiZW5jb3JldGlja2V0cyIsInByaSI6ODYsInNpIjoiRFJFU1MgQ0lSQ0xFLUYtMjMifQ.Y1_21o3Kx9Iq4GNR6xv3mt2DFnoZaQY7zzybUoXOlSg","row":"F","number":23,"pricing":{"salePrice":[{"value":9000,"currency":"GBP","decimalPlaces":2}],"faceValue":[{"value":7500,"currency":"GBP","decimalPlaces":2}],"percentageDiscount":0,"includesBookingFee":true,"createdAt":"2021-09-20T22:11:43+0000","promotionLabel":null},"attributes":[],"isRestrictedView":false},{"seatIdentifier":"DRESS_CIRCLE-F24","aggregateReference":"eyJ0eXAiOiJKV1QiLCJhbGciOiJIUzI1NiJ9.eyJzdGkiOjcwNzc1MiwicGFpIjoiZW5jb3JldGlja2V0cyIsInByaSI6ODYsInNpIjoiRFJFU1MgQ0lSQ0xFLUYtMjQifQ.DVy7KaUDRjB4mG18vdVLKcIcXj-FbJRDQS3G2YkonTM","row":"F","number":24,"pricing":{"salePrice":[{"value":9000,"currency":"GBP","decimalPlaces":2}],"faceValue":[{"value":7500,"currency":"GBP","decimalPlaces":2}],"percentageDiscount":0,"includesBookingFee":true,"createdAt":"2021-09-20T22:11:43+0000","promotionLabel":null},"attributes":[],"isRestrictedView":false},{"seatIdentifier":"DRESS_CIRCLE-F25","aggregateReference":"eyJ0eXAiOiJKV1QiLCJhbGciOiJIUzI1NiJ9.eyJzdGkiOjcwNzc1MiwicGFpIjoiZW5jb3JldGlja2V0cyIsInByaSI6ODYsInNpIjoiRFJFU1MgQ0lSQ0xFLUYtMjUifQ.aey8p0nHf_NM2hgJEes_KIzR1YVB-a22RrHbt9jnXUo","row":"F","number":25,"pricing":{"salePrice":[{"value":9000,"currency":"GBP","decimalPlaces":2}],"faceValue":[{"value":7500,"currency":"GBP","decimalPlaces":2}],"percentageDiscount":0,"includesBookingFee":true,"createdAt":"2021-09-20T22:11:43+0000","promotionLabel":null},"attributes":[],"isRestrictedView":false},{"seatIdentifier":"DRESS_CIRCLE-F26","aggregateReference":"eyJ0eXAiOiJKV1QiLCJhbGciOiJIUzI1NiJ9.eyJzdGkiOjcwNzc1MiwicGFpIjoiZW5jb3JldGlja2V0cyIsInByaSI6ODYsInNpIjoiRFJFU1MgQ0lSQ0xFLUYtMjYifQ.VEr6UviEsvQ5tReu53g-j3aBv4ddU8uqDlRpaAaK7ss","row":"F","number":26,"pricing":{"salePrice":[{"value":9000,"currency":"GBP","decimalPlaces":2}],"faceValue":[{"value":7500,"currency":"GBP","decimalPlaces":2}],"percentageDiscount":0,"includesBookingFee":true,"createdAt":"2021-09-20T22:11:43+0000","promotionLabel":null},"attributes":[],"isRestrictedView":false},{"seatIdentifier":"DRESS_CIRCLE-F27","aggregateReference":"eyJ0eXAiOiJKV1QiLCJhbGciOiJIUzI1NiJ9.eyJzdGkiOjcwNzc1MiwicGFpIjoiZW5jb3JldGlja2V0cyIsInByaSI6ODYsInNpIjoiRFJFU1MgQ0lSQ0xFLUYtMjcifQ.6nUlDLqCCqU9u1vePfCRnHO4w-xHPs0_P7ZOUw7cByQ","row":"F","number":27,"pricing":{"salePrice":[{"value":9000,"currency":"GBP","decimalPlaces":2}],"faceValue":[{"value":7500,"currency":"GBP","decimalPlaces":2}],"percentageDiscount":0,"includesBookingFee":true,"createdAt":"2021-09-20T22:11:43+0000","promotionLabel":null},"attributes":[{"title":"EndOfRow","description":"Seat at end of row","intention":"positive"}],"isRestrictedView":false}],"seatLumps":[{"seats":["DRESS_CIRCLE-F17","DRESS_CIRCLE-F18"]},{"seats":["DRESS_CIRCLE-F19","DRESS_CIRCLE-F20"]},{"seats":["DRESS_CIRCLE-F20","DRESS_CIRCLE-F21"]},{"seats":["DRESS_CIRCLE-F21","DRESS_CIRCLE-F22"]},{"seats":["DRESS_CIRCLE-F22","DRESS_CIRCLE-F23"]},{"seats":["DRESS_CIRCLE-F23","DRESS_CIRCLE-F24"]},{"seats":["DRESS_CIRCLE-F24","DRESS_CIRCLE-F25"]},{"seats":["DRESS_CIRCLE-F26","DRESS_CIRCLE-F27"]}]},{"groupIdentifier":"DRESS CIRCLE~B9;10","aggregateReference":null,"row":"B","mode":"allocated","seatNumberStart":9,"seatNumberEnd":10,"availableCount":2,"pricing":{"salePrice":[{"value":11400,"currency":"GBP","decimalPlaces":2}],"faceValue":[{"value":9500,"currency":"GBP","decimalPlaces":2}],"percentageDiscount":0,"includesBookingFee":true,"createdAt":"2021-09-20T22:11:43+0000","promotionLabel":null},"seats":[{"seatIdentifier":"DRESS_CIRCLE-B9","aggregateReference":"eyJ0eXAiOiJKV1QiLCJhbGciOiJIUzI1NiJ9.eyJzdGkiOjcwNzc1MiwicGFpIjoiZW5jb3JldGlja2V0cyIsInByaSI6ODYsInNpIjoiRFJFU1MgQ0lSQ0xFLUItOSJ9.C-AoiRPnsJ2Gz6arD0tMaF3O7MiLRKB4791g1izzJ9c","row":"B","number":9,"pricing":{"salePrice":[{"value":11400,"currency":"GBP","decimalPlaces":2}],"faceValue":[{"value":9500,"currency":"GBP","decimalPlaces":2}],"percentageDiscount":0,"includesBookingFee":true,"createdAt":"2021-09-20T22:11:43+0000","promotionLabel":null},"attributes":[],"isRestrictedView":false},{"seatIdentifier":"DRESS_CIRCLE-B10","aggregateReference":"eyJ0eXAiOiJKV1QiLCJhbGciOiJIUzI1NiJ9.eyJzdGkiOjcwNzc1MiwicGFpIjoiZW5jb3JldGlja2V0cyIsInByaSI6ODYsInNpIjoiRFJFU1MgQ0lSQ0xFLUItMTAifQ.towK2w1ksx1WBsgGVrdaBMselwHNSEHQpFAjZ028WD4","row":"B","number":10,"pricing":{"salePrice":[{"value":11400,"currency":"GBP","decimalPlaces":2}],"faceValue":[{"value":9500,"currency":"GBP","decimalPlaces":2}],"percentageDiscount":0,"includesBookingFee":true,"createdAt":"2021-09-20T22:11:43+0000","promotionLabel":null},"attributes":[],"isRestrictedView":false}],"seatLumps":[{"seats":["DRESS_CIRCLE-B9","DRESS_CIRCLE-B10"]}]},{"groupIdentifier":"DRESS CIRCLE~B15;16","aggregateReference":null,"row":"B","mode":"allocated","seatNumberStart":15,"seatNumberEnd":16,"availableCount":2,"pricing":{"salePrice":[{"value":11400,"currency":"GBP","decimalPlaces":2}],"faceValue":[{"value":9500,"currency":"GBP","decimalPlaces":2}],"percentageDiscount":0,"includesBookingFee":true,"createdAt":"2021-09-20T22:11:43+0000","promotionLabel":null},"seats":[{"seatIdentifier":"DRESS_CIRCLE-B15","aggregateReference":"eyJ0eXAiOiJKV1QiLCJhbGciOiJIUzI1NiJ9.eyJzdGkiOjcwNzc1MiwicGFpIjoiZW5jb3JldGlja2V0cyIsInByaSI6ODYsInNpIjoiRFJFU1MgQ0lSQ0xFLUItMTUifQ.tdthx0gd3CFs5echnUM8NHcij7OvwTWwye-Tg1TPgxM","row":"B","number":15,"pricing":{"salePrice":[{"value":11400,"currency":"GBP","decimalPlaces":2}],"faceValue":[{"value":9500,"currency":"GBP","decimalPlaces":2}],"percentageDiscount":0,"includesBookingFee":true,"createdAt":"2021-09-20T22:11:43+0000","promotionLabel":null},"attributes":[],"isRestrictedView":false},{"seatIdentifier":"DRESS_CIRCLE-B16","aggregateReference":"eyJ0eXAiOiJKV1QiLCJhbGciOiJIUzI1NiJ9.eyJzdGkiOjcwNzc1MiwicGFpIjoiZW5jb3JldGlja2V0cyIsInByaSI6ODYsInNpIjoiRFJFU1MgQ0lSQ0xFLUItMTYifQ.3iRes2CwUoO5W2j4jCeIR2L7suP6mR3ghKIW8B-YhG0","row":"B","number":16,"pricing":{"salePrice":[{"value":11400,"currency":"GBP","decimalPlaces":2}],"faceValue":[{"value":9500,"currency":"GBP","decimalPlaces":2}],"percentageDiscount":0,"includesBookingFee":true,"createdAt":"2021-09-20T22:11:43+0000","promotionLabel":null},"attributes":[],"isRestrictedView":false}],"seatLumps":[{"seats":["DRESS_CIRCLE-B15","DRESS_CIRCLE-B16"]}]}]}]},"context":null}
[verifyBookingTest INFO ] 2021-09-20 23:11:45.434 (LocalDriver.java:18) - Initializing browser: chrome
[verifyBookingTest INFO ] 2021-09-20 23:11:47.156 (AppDriver.java:33) - Launching URL: https://www.encoretickets.co.uk/
[verifyBookingTest INFO ] 2021-09-20 23:11:49.878 (HomePage.java:50) - Verifying Sign in page.
[verifyBookingTest INFO ] 2021-09-20 23:11:49.994 (HomePage.java:30) - Entering the Show or Attraction: TINA-The Tina Turner Musical
[verifyBookingTest INFO ] 2021-09-20 23:11:50.442 (HomePage.java:36) - Clicking First Search Result
[verifyBookingTest INFO ] 2021-09-20 23:11:50.875 (HomePage.java:43) - Clicking Find Tickets button
[verifyBookingTest INFO ] 2021-09-20 23:11:51.536 (ChooseADatePage.java:88) - Verifying Choose a date page.
[verifyBookingTest INFO ] 2021-09-20 23:11:52.413 (ChooseADatePage.java:39) - Clicking Month Selector button
[verifyBookingTest INFO ] 2021-09-20 23:11:52.539 (ChooseADatePage.java:45) - Selecting the Month and Year: November 2021
[verifyBookingTest INFO ] 2021-09-20 23:11:52.761 (ChooseADatePage.java:56) - Selecting the date: November 22, 2021
[verifyBookingTest INFO ] 2021-09-20 23:11:56.144 (ChooseADatePage.java:76) - Selecting the show time: 14:30
[verifyBookingTest INFO ] 2021-09-20 23:11:56.176 (ChooseADatePage.java:69) - Clicking Pick Your Seats button
[verifyBookingTest INFO ] 2021-09-20 23:12:02.232 (SeatPlanningPage.java:115) - Verifying Seat planning Page
[verifyBookingTest INFO ] 2021-09-20 23:12:02.288 (SeatPlanningPage.java:65) - Number of frames present : 2
]]></system-out>
    <system-err><![CDATA[[TestNG-tests-1] INFO io.github.bonigarcia.wdm.WebDriverManager - Using chromedriver 93.0.4577.63 (resolved driver for Chrome 93)
[TestNG-tests-1] INFO io.github.bonigarcia.wdm.WebDriverManager - Exporting webdriver.chrome.driver as /Users/ra324990/.cache/selenium/chromedriver/mac64/93.0.4577.63/chromedriver
Starting ChromeDriver 93.0.4577.63 (ff5c0da2ec0adeaed5550e6c7e98417dac77d98a-refs/branch-heads/4577@{#1135}) on port 13998
Only local connections are allowed.
Please see https://chromedriver.chromium.org/security-considerations for suggestions on keeping ChromeDriver safe.
ChromeDriver was started successfully.
Sep 20, 2021 11:11:47 PM org.openqa.selenium.remote.ProtocolHandshake createSession
INFO: Detected dialect: W3C
]]></system-err>
  </testcase>
</testsuite>